Change Component Designator: Old Designator=C? New Designator=C600
Change Component Designator: Old Designator=C? New Designator=C601
Change Component Designator: Old Designator=C? New Designator=C602
Change Component Designator: Old Designator=C? New Designator=C603
Change Component Designator: Old Designator=C? New Designator=C604
Change Component Designator: Old Designator=C? New Designator=C605
Change Component Designator: Old Designator=D? New Designator=D600
Change Component Designator: Old Designator=D? New Designator=D601
Change Component Designator: Old Designator=D? New Designator=D602
Change Component Designator: Old Designator=H? New Designator=H600
Change Component Designator: Old Designator=H? New Designator=H601
Change Component Designator: Old Designator=IC? New Designator=IC600
Change Component Designator: Old Designator=IC? New Designator=IC601
Change Component Designator: Old Designator=IC? New Designator=IC602
Change Component Designator: Old Designator=IC? New Designator=IC603
Change Component Designator: Old Designator=R? New Designator=R600
Change Component Designator: Old Designator=R? New Designator=R601
Change Component Designator: Old Designator=R? New Designator=R602
Change Component Designator: Old Designator=R? New Designator=R603
Change Component Designator: Old Designator=R? New Designator=R604
Change Component Designator: Old Designator=R? New Designator=R605
Change Component Designator: Old Designator=R? New Designator=R606
Change Component Designator: Old Designator=R? New Designator=R607
Change Component Designator: Old Designator=R? New Designator=R608
Change Component Designator: Old Designator=R? New Designator=R609
