Change Component Designator: Old Designator=C? New Designator=C400
Change Component Designator: Old Designator=C? New Designator=C401
Change Component Designator: Old Designator=C? New Designator=C402
Change Component Designator: Old Designator=C? New Designator=C403
Change Component Designator: Old Designator=C? New Designator=C404
Change Component Designator: Old Designator=C? New Designator=C405
Change Component Designator: Old Designator=C? New Designator=C406
Change Component Designator: Old Designator=C? New Designator=C407
Change Component Designator: Old Designator=C? New Designator=C408
Change Component Designator: Old Designator=C? New Designator=C409
Change Component Designator: Old Designator=C? New Designator=C410
Change Component Designator: Old Designator=C? New Designator=C411
Change Component Designator: Old Designator=C? New Designator=C412
Change Component Designator: Old Designator=C? New Designator=C413
Change Component Designator: Old Designator=D? New Designator=D400
Change Component Designator: Old Designator=D? New Designator=D401
Change Component Designator: Old Designator=D? New Designator=D402
Change Component Designator: Old Designator=D? New Designator=D403
Change Component Designator: Old Designator=D? New Designator=D404
Change Component Designator: Old Designator=D? New Designator=D405
Change Component Designator: Old Designator=D? New Designator=D406
Change Component Designator: Old Designator=D? New Designator=D407
Change Component Designator: Old Designator=D? New Designator=D408
Change Component Designator: Old Designator=D? New Designator=D409
Change Component Designator: Old Designator=D? New Designator=D410
Change Component Designator: Old Designator=D? New Designator=D411
Change Component Designator: Old Designator=D? New Designator=D412
Change Component Designator: Old Designator=D? New Designator=D413
Change Component Designator: Old Designator=F? New Designator=F400
Change Component Designator: Old Designator=H? New Designator=H400
Change Component Designator: Old Designator=H? New Designator=H401
Change Component Designator: Old Designator=H? New Designator=H402
Change Component Designator: Old Designator=H? New Designator=H403
Change Component Designator: Old Designator=H? New Designator=H404
Change Component Designator: Old Designator=H? New Designator=H405
Change Component Designator: Old Designator=R? New Designator=R400
Change Component Designator: Old Designator=R? New Designator=R401
Change Component Designator: Old Designator=R? New Designator=R402
Change Component Designator: Old Designator=R? New Designator=R403
Change Component Designator: Old Designator=R? New Designator=R404
Change Component Designator: Old Designator=R? New Designator=R405
Change Component Designator: Old Designator=R? New Designator=R406
Change Component Designator: Old Designator=R? New Designator=R407
Change Component Designator: Old Designator=R? New Designator=R408
Change Component Designator: Old Designator=R? New Designator=R409
Change Component Designator: Old Designator=R? New Designator=R410
Change Component Designator: Old Designator=R? New Designator=R411
Change Component Designator: Old Designator=R? New Designator=R412
Change Component Designator: Old Designator=R? New Designator=R413
Change Component Designator: Old Designator=R? New Designator=R414
Change Component Designator: Old Designator=R? New Designator=R415
Change Component Designator: Old Designator=R? New Designator=R416
Change Component Designator: Old Designator=R? New Designator=R417
Change Component Designator: Old Designator=R? New Designator=R418
Change Component Designator: Old Designator=R? New Designator=R419
Change Component Designator: Old Designator=R? New Designator=R420
Change Component Designator: Old Designator=R? New Designator=R421
Change Component Designator: Old Designator=R? New Designator=R422
Change Component Designator: Old Designator=R? New Designator=R423
Change Component Designator: Old Designator=R? New Designator=R424
Change Component Designator: Old Designator=R? New Designator=R425
Change Component Designator: Old Designator=R? New Designator=R426
Change Component Designator: Old Designator=R? New Designator=R427
Change Component Designator: Old Designator=R? New Designator=R428
Change Component Designator: Old Designator=R? New Designator=R429
Change Component Designator: Old Designator=R? New Designator=R430
