Change Component Designator: Old Designator=C? New Designator=C300
Change Component Designator: Old Designator=C? New Designator=C301
Change Component Designator: Old Designator=C? New Designator=C302
Change Component Designator: Old Designator=C? New Designator=C303
Change Component Designator: Old Designator=C? New Designator=C304
Change Component Designator: Old Designator=C? New Designator=C305
Change Component Designator: Old Designator=C? New Designator=C306
Change Component Designator: Old Designator=C? New Designator=C307
Change Component Designator: Old Designator=D? New Designator=D300
Change Component Designator: Old Designator=D? New Designator=D301
Change Component Designator: Old Designator=FL? New Designator=FL300
Change Component Designator: Old Designator=H? New Designator=H300
Change Component Designator: Old Designator=LED? New Designator=LED300
Change Component Designator: Old Designator=LED? New Designator=LED301
Change Component Designator: Old Designator=LED? New Designator=LED302
Change Component Designator: Old Designator=R? New Designator=R300
Change Component Designator: Old Designator=R? New Designator=R301
Change Component Designator: Old Designator=R? New Designator=R302
Change Component Designator: Old Designator=R? New Designator=R303
Change Component Designator: Old Designator=R? New Designator=R304
Change Component Designator: Old Designator=R? New Designator=R305
Change Component Designator: Old Designator=R? New Designator=R306
Change Component Designator: Old Designator=T? New Designator=T300
Change Component Designator: Old Designator=T? New Designator=T301
Change Component Designator: Old Designator=T? New Designator=T302
Change Component Designator: Old Designator=T? New Designator=T303
Change Component Designator: Old Designator=T? New Designator=T304
Change Component Designator: Old Designator=T? New Designator=T305
Change Component Designator: Old Designator=U? New Designator=U300
