Change Component Designator: Old Designator=C? New Designator=C800
Change Component Designator: Old Designator=C? New Designator=C801
Change Component Designator: Old Designator=C? New Designator=C802
Change Component Designator: Old Designator=C? New Designator=C803
Change Component Designator: Old Designator=C? New Designator=C804
Change Component Designator: Old Designator=C? New Designator=C805
Change Component Designator: Old Designator=C? New Designator=C806
Change Component Designator: Old Designator=C? New Designator=C807
Change Component Designator: Old Designator=C? New Designator=C808
Change Component Designator: Old Designator=C? New Designator=C809
Change Component Designator: Old Designator=C? New Designator=C810
Change Component Designator: Old Designator=C? New Designator=C811
Change Component Designator: Old Designator=C? New Designator=C812
Change Component Designator: Old Designator=C? New Designator=C813
Change Component Designator: Old Designator=C? New Designator=C814
Change Component Designator: Old Designator=C? New Designator=C815
Change Component Designator: Old Designator=C? New Designator=C816
Change Component Designator: Old Designator=D? New Designator=D800
Change Component Designator: Old Designator=FUSE? New Designator=FUSE800
Change Component Designator: Old Designator=IC? New Designator=IC800
Change Component Designator: Old Designator=IC? New Designator=IC801
Change Component Designator: Old Designator=IC? New Designator=IC802
Change Component Designator: Old Designator=R? New Designator=R800
Change Component Designator: Old Designator=R? New Designator=R801
Change Component Designator: Old Designator=R? New Designator=R802
Change Component Designator: Old Designator=R? New Designator=R803
Change Component Designator: Old Designator=R? New Designator=R804
Change Component Designator: Old Designator=R? New Designator=R805
Change Component Designator: Old Designator=R? New Designator=R806
Change Component Designator: Old Designator=R? New Designator=R807
Change Component Designator: Old Designator=R? New Designator=R808
Change Component Designator: Old Designator=R? New Designator=R809
Change Component Designator: Old Designator=R? New Designator=R810
