Added Component: Designator=C1(C0603)
Added Component: Designator=C2(C0603)
Added Component: Designator=C3(C0603)
Added Component: Designator=C4(C1206)
Added Component: Designator=C5(C1206)
Added Component: Designator=C6(C1206)
Added Component: Designator=C7(C1206)
Added Component: Designator=C8(C0603)
Added Component: Designator=C9(C0603)
Added Component: Designator=C10(C0603)
Added Component: Designator=C11(C0805)
Added Component: Designator=C12(C0805)
Added Component: Designator=C13(C0805)
Added Component: Designator=C14(C0603)
Added Component: Designator=C15(C0805)
Added Component: Designator=C16(C0603)
Added Component: Designator=C17(C0603)
Added Component: Designator=C18(C0603)
Added Component: Designator=C19(C0603)
Added Component: Designator=C20(C0603)
Added Component: Designator=C100(C0603)
Added Component: Designator=C101(C1812)
Added Component: Designator=C102(C1812)
Added Component: Designator=C103(C1812)
Added Component: Designator=C104(C1812)
Added Component: Designator=C105(C1210)
Added Component: Designator=C106(C0603)
Added Component: Designator=C107(C0603)
Added Component: Designator=C108(C0603)
Added Component: Designator=C109(C0603)
Added Component: Designator=C110(C0603)
Added Component: Designator=C111(C1812)
Added Component: Designator=C112(C1812)
Added Component: Designator=C113(C1812)
Added Component: Designator=C114(C1812)
Added Component: Designator=C115(C1812)
Added Component: Designator=C116(C0603)
Added Component: Designator=C117(C0603)
Added Component: Designator=C118(C1210)
Added Component: Designator=C119(C1210)
Added Component: Designator=C120(C1210)
Added Component: Designator=C121(C0603)
Added Component: Designator=C122(C1206)
Added Component: Designator=C123(C1206)
Added Component: Designator=C124(C1206)
Added Component: Designator=C125(C1206)
Added Component: Designator=C126(C0603)
Added Component: Designator=C127(C0603)
Added Component: Designator=C128(C0402)
Add component (AddParameter): Name = "Supplier 1"; Value = "Digikey"; VariantName = "[No Variations]"
Add component (AddParameter): Name = "Supplier Part Number 1"; Value = "587-5514-1-ND"; VariantName = "[No Variations]"
Added Component: Designator=C129(C0402)
Add component (AddParameter): Name = "Supplier 1"; Value = "Digikey"; VariantName = "[No Variations]"
Add component (AddParameter): Name = "Supplier Part Number 1"; Value = "587-5514-1-ND"; VariantName = "[No Variations]"
Added Component: Designator=C130(C1210)
Added Component: Designator=C131(C1210)
Added Component: Designator=C132(C1210)
Added Component: Designator=C133(C0603)
Added Component: Designator=C134(C1206)
Added Component: Designator=C135(C1206)
Added Component: Designator=C136(C1206)
Added Component: Designator=C137(C1206)
Added Component: Designator=C138(C0603)
Added Component: Designator=C139(C0603)
Added Component: Designator=C140(C0402)
Add component (AddParameter): Name = "Supplier 1"; Value = "Digikey"; VariantName = "[No Variations]"
Add component (AddParameter): Name = "Supplier Part Number 1"; Value = "587-5514-1-ND"; VariantName = "[No Variations]"
Added Component: Designator=C141(C0402)
Add component (AddParameter): Name = "Supplier 1"; Value = "Digikey"; VariantName = "[No Variations]"
Add component (AddParameter): Name = "Supplier Part Number 1"; Value = "587-5514-1-ND"; VariantName = "[No Variations]"
Added Component: Designator=C300(C0603)
Added Component: Designator=C301(C0603)
Added Component: Designator=C302(C0603)
Added Component: Designator=C303(C0603)
Added Component: Designator=C304(C0603)
Added Component: Designator=C305(C0603)
Added Component: Designator=C306(C0603)
Added Component: Designator=C307(C0603)
Added Component: Designator=C400(W2H13C1048AT1F)
Added Component: Designator=C401(C0603)
Added Component: Designator=C402(W2H13C1048AT1F)
Added Component: Designator=C403(C0603)
Added Component: Designator=C404(W2H13C1048AT1F)
Added Component: Designator=C405(C0603)
Added Component: Designator=C406(W2H13C1048AT1F)
Added Component: Designator=C407(W2H13C1048AT1F)
Added Component: Designator=C408(C0603)
Added Component: Designator=C409(C0603)
Added Component: Designator=C410(W2H13C1048AT1F)
Added Component: Designator=C411(C0603)
Added Component: Designator=C412(W2H13C1048AT1F)
Added Component: Designator=C413(C0603)
Added Component: Designator=C500(W2H13C1048AT1F)
Added Component: Designator=C501(C0603)
Added Component: Designator=C502(C0603)
Added Component: Designator=C503(W2H13C1048AT1F)
Added Component: Designator=C504(C0603)
Added Component: Designator=C505(C0603)
Added Component: Designator=C600(C0603)
Added Component: Designator=C601(C0603)
Added Component: Designator=C602(C0603)
Added Component: Designator=C603(W2H13C1048AT1F)
Added Component: Designator=C604(C0603)
Added Component: Designator=C605(C0603)
Added Component: Designator=C700(C0805)
Added Component: Designator=C701(C0805)
Added Component: Designator=C702(C0603)
Added Component: Designator=C703(C0805)
Added Component: Designator=C704(C0603)
Added Component: Designator=C705(C1206)
Added Component: Designator=C706(C1206)
Added Component: Designator=C707(C0603)
Added Component: Designator=C708(C0603)
Added Component: Designator=C709(C0603)
Added Component: Designator=C800(W2H13C1048AT1F)
Added Component: Designator=C801(C1206)
Added Component: Designator=C802(C0805)
Added Component: Designator=C803(C0603)
Added Component: Designator=C804(C0603)
Added Component: Designator=C805(C0603)
Added Component: Designator=C806(C0603)
Added Component: Designator=C807(C0805)
Added Component: Designator=C808(C0805)
Added Component: Designator=C809(C0603)
Added Component: Designator=C810(C0603)
Added Component: Designator=C811(C1206)
Added Component: Designator=C812(C1206)
Added Component: Designator=C813(C0805)
Added Component: Designator=C814(C0603)
Added Component: Designator=C815(C1206)
Added Component: Designator=C816(C1206)
Added Component: Designator=C1000(W2H13C1048AT1F)
Added Component: Designator=C1001(C0603)
Added Component: Designator=C1002(C0603)
Added Component: Designator=D1(PESD0402-140)
Added Component: Designator=D2(PESD0402-140)
Added Component: Designator=D3(PE4BC)
Added Component: Designator=D4(MBRS3100T3G)
Added Component: Designator=D100(SK210)
Added Component: Designator=D200(UDFN10 2.5x1, 0.5P)
Added Component: Designator=D201(SOT-23-3)
Added Component: Designator=D202(UDFN10 2.5x1, 0.5P)
Added Component: Designator=D300(UDFN10 2.5x1, 0.5P)
Added Component: Designator=D301(UDFN10 2.5x1, 0.5P)
Added Component: Designator=D400(PESD0402-140)
Added Component: Designator=D401(UDFN10 2.5x1, 0.5P)
Added Component: Designator=D402(PESD0402-140)
Added Component: Designator=D403(UDFN10 2.5x1, 0.5P)
Added Component: Designator=D404(PESD0402-140)
Added Component: Designator=D405(UDFN10 2.5x1, 0.5P)
Added Component: Designator=D406(UDFN10 2.5x1, 0.5P)
Added Component: Designator=D407(PESD0402-140)
Added Component: Designator=D408(UDFN10 2.5x1, 0.5P)
Added Component: Designator=D409(PESD0402-140)
Added Component: Designator=D410(UDFN10 2.5x1, 0.5P)
Added Component: Designator=D411(PESD0402-140)
Added Component: Designator=D412(UDFN10 2.5x1, 0.5P)
Added Component: Designator=D413(PESD0402-140)
Added Component: Designator=D500(PESD0402-140)
Added Component: Designator=D501(PESD0402-140)
Added Component: Designator=D600(PESD0402-140)
Added Component: Designator=D601(PESD0402-140)
Added Component: Designator=D602(PESD0402-140)
Added Component: Designator=D700(UDFN10 2.5x1, 0.5P)
Added Component: Designator=D800(MSS1P4-M3/89A)
Added Component: Designator=D900(UDFN10 2.5x1, 0.5P)
Added Component: Designator=D901(UDFN10 2.5x1, 0.5P)
Added Component: Designator=D902(UDFN10 2.5x1, 0.5P)
Added Component: Designator=D903(UDFN10 2.5x1, 0.5P)
Added Component: Designator=D1000(PESD0402-140)
Added Component: Designator=D1001(PESD0402-140)
Added Component: Designator=D1002(PESD0402-140)
Added Component: Designator=F400(SOT-23)
Added Component: Designator=F700(NTHD4102PT1G)
Added Component: Designator=F701(NTHD4102PT1G)
Added Component: Designator=FL300(BEADC1608X95N)
Added Component: Designator=FUSE800(FUSE_1206)
Added Component: Designator=H201(BM10B-GHS-TBT(LF)(SN)(N))
Added Component: Designator=H300(BM10B-GHS-TBT(LF)(SN)(N))
Added Component: Designator=H400(BM06B-GHS-TBT(LF)(SN)(N))
Added Component: Designator=H401(BM10B-GHS-TBT(LF)(SN)(N))
Added Component: Designator=H402(BM06B-GHS-TBT(LF)(SN)(N))
Added Component: Designator=H403(BM06B-GHS-TBT(LF)(SN)(N))
Added Component: Designator=H404(BM06B-GHS-TBT(LF)(SN)(N))
Added Component: Designator=H405(BM07B-GHS-TBT)
Added Component: Designator=H500(BM04B-GHS-TBT(LF)(SN)(N))
Added Component: Designator=H501(BM04B-GHS-TBT(LF)(SN)(N))
Added Component: Designator=H600(Header 3x1)
Added Component: Designator=H601(Header 3x1)
Added Component: Designator=H700(BM04B-GHS-TBT(LF)(SN)(N))
Added Component: Designator=H900(Header 3x1)
Added Component: Designator=H901(Header 3x1)
Added Component: Designator=H902(Header 3x1)
Added Component: Designator=H903(Header 3x1)
Added Component: Designator=H904(Header 3x1)
Added Component: Designator=H905(Header 3x1)
Added Component: Designator=H906(Header 3x1)
Added Component: Designator=H907(Header 3x1)
Added Component: Designator=H908(Header 3x1)
Added Component: Designator=H909(Header 3x1)
Added Component: Designator=H910(Header 3x1)
Added Component: Designator=H911(Header 3x1)
Added Component: Designator=H912(Header 3x1)
Added Component: Designator=H913(Header 3x1)
Added Component: Designator=H914(Header 3x1)
Added Component: Designator=H915(Header 3x1)
Added Component: Designator=H1000(BM04B-GHS-TBT(LF)(SN)(N))
Added Component: Designator=IC1(VSSOP10)
Added Component: Designator=IC2(20HTSSOP)
Added Component: Designator=IC3(SOT23-5)
Added Component: Designator=IC100(30-WFQFN Exposed Pad)
Added Component: Designator=IC101(30-WFQFN Exposed Pad)
Added Component: Designator=IC600(SOT65P210X110-5N)
Added Component: Designator=IC601(SOT65P210X110-5N)
Added Component: Designator=IC602(SOT65P210X110-5N)
Added Component: Designator=IC603(SN74LVC2G240DCUR)
Added Component: Designator=IC700(24QFN)
Added Component: Designator=IC800(8-UFDFN)
Added Component: Designator=IC801(WSON-8)
Added Component: Designator=IC802(WSON-8)
Added Component: Designator=IC1000(8DFN)
Added Component: Designator=L1(MGAH1005330M-10)
Added Component: Designator=L100(SRP1265A-100M)
Added Component: Designator=L101(SRP1265A-100M)
Added Component: Designator=L102(SRP1265A-100M)
Added Component: Designator=LED300(LED_0603_BLUE)
Added Component: Designator=LED301(LED_ORANGE_0603)
Added Component: Designator=LED302(LED_GREEN_0603)
Added Component: Designator=P1(PAD 5x5)
Added Component: Designator=P2(PAD 5x5)
Added Component: Designator=P3(PAD 5x5)
Added Component: Designator=R1(R0402)
Added Component: Designator=R2(R0402)
Added Component: Designator=R3(R0402)
Added Component: Designator=R4(R0402)
Added Component: Designator=R5(R0603)
Added Component: Designator=R6(R2818)
Added Component: Designator=R7(R0603)
Added Component: Designator=R8(C0402)
Added Component: Designator=R9(R0402)
Added Component: Designator=R10(R0402)
Added Component: Designator=R11(R0603)
Added Component: Designator=R12(R0402)
Added Component: Designator=R13(R0402)
Added Component: Designator=R14(R0402)
Added Component: Designator=R15(R0402)
Added Component: Designator=R100(R0603)
Added Component: Designator=R101(R0603)
Added Component: Designator=R102(R0603)
Added Component: Designator=R103(R0603)
Added Component: Designator=R104(R0603)
Added Component: Designator=R105(R0603)
Added Component: Designator=R106(R0603)
Added Component: Designator=R107(R0603)
Added Component: Designator=R108(R0603)
Added Component: Designator=R109(R2010)
Added Component: Designator=R110(R0402)
Added Component: Designator=R111(R0603)
Added Component: Designator=R112(R0603)
Added Component: Designator=R113(R0402)
Add component (AddParameter): Name = "Supplier 1"; Value = "Future Electronics"; VariantName = "[No Variations]"
Add component (AddParameter): Name = "Supplier Part Number 1"; Value = "3031172"; VariantName = "[No Variations]"
Added Component: Designator=R114(R0603)
Added Component: Designator=R115(R0603)
Added Component: Designator=R116(R0402)
Add component (AddParameter): Name = "Supplier 1"; Value = "Future Electronics"; VariantName = "[No Variations]"
Add component (AddParameter): Name = "Supplier Part Number 1"; Value = "3031172"; VariantName = "[No Variations]"
Added Component: Designator=R200(R0603)
Added Component: Designator=R201(R0603)
Added Component: Designator=R300(R0402)
Added Component: Designator=R301(R0402)
Added Component: Designator=R302(R0402)
Added Component: Designator=R303(R0402)
Added Component: Designator=R304(R0402)
Added Component: Designator=R305(R0402)
Added Component: Designator=R306(R0402)
Added Component: Designator=R400(R0402)
Added Component: Designator=R401(R0402)
Added Component: Designator=R402(R0402)
Added Component: Designator=R403(R0402)
Added Component: Designator=R404(R0402)
Added Component: Designator=R405(R0402)
Added Component: Designator=R406(R0402)
Added Component: Designator=R407(R0402)
Added Component: Designator=R408(R0402)
Added Component: Designator=R409(R0402)
Added Component: Designator=R410(R0402)
Added Component: Designator=R411(R0402)
Added Component: Designator=R412(R0402)
Added Component: Designator=R413(R0402)
Added Component: Designator=R414(R0402)
Added Component: Designator=R415(R0402)
Added Component: Designator=R416(R0402)
Added Component: Designator=R417(R0402)
Added Component: Designator=R418(R0402)
Added Component: Designator=R419(R0402)
Added Component: Designator=R420(R0402)
Added Component: Designator=R421(R0402)
Added Component: Designator=R422(R0402)
Added Component: Designator=R423(R0402)
Added Component: Designator=R424(R0402)
Added Component: Designator=R425(R0402)
Added Component: Designator=R426(R0402)
Added Component: Designator=R427(R0402)
Added Component: Designator=R428(R0402)
Added Component: Designator=R429(R0402)
Added Component: Designator=R430(R0402)
Added Component: Designator=R500(R0402)
Added Component: Designator=R501(R0402)
Added Component: Designator=R600(R0402)
Added Component: Designator=R601(R0402)
Added Component: Designator=R602(R0402)
Added Component: Designator=R603(R0402)
Added Component: Designator=R604(R0402)
Added Component: Designator=R605(R0402)
Added Component: Designator=R606(R0402)
Added Component: Designator=R607(R0402)
Added Component: Designator=R608(R0402)
Added Component: Designator=R609(R0402)
Added Component: Designator=R700(R0402)
Added Component: Designator=R701(R0402)
Added Component: Designator=R702(R0402)
Added Component: Designator=R703(R0402)
Added Component: Designator=R704(R0402)
Added Component: Designator=R705(R0402)
Added Component: Designator=R706(R0402)
Added Component: Designator=R707(C0402)
Added Component: Designator=R708(R0402)
Added Component: Designator=R709(R0402)
Added Component: Designator=R710(R0402)
Added Component: Designator=R711(R0402)
Added Component: Designator=R712(R0402)
Added Component: Designator=R713(R0402)
Added Component: Designator=R800(R0402)
Added Component: Designator=R801(R0402)
Added Component: Designator=R802(R0402)
Added Component: Designator=R803(R0402)
Added Component: Designator=R804(R0402)
Added Component: Designator=R805(R0402)
Added Component: Designator=R806(R0402)
Added Component: Designator=R807(R0402)
Added Component: Designator=R808(R0402)
Added Component: Designator=R809(R0402)
Added Component: Designator=R810(R0402)
Added Component: Designator=R900(R0402)
Added Component: Designator=R901(R0402)
Added Component: Designator=R902(R0402)
Added Component: Designator=R903(R0402)
Added Component: Designator=R904(R0402)
Added Component: Designator=R905(R0402)
Added Component: Designator=R906(R0402)
Added Component: Designator=R907(R0402)
Added Component: Designator=R908(R0402)
Added Component: Designator=R909(R0402)
Added Component: Designator=R910(R0402)
Added Component: Designator=R911(R0402)
Added Component: Designator=R912(R0402)
Added Component: Designator=R913(R0402)
Added Component: Designator=R914(R0402)
Added Component: Designator=R915(R0402)
Added Component: Designator=R1000(R0402)
Added Component: Designator=R1001(R0402)
Added Component: Designator=T300(TP_1.2)
Added Component: Designator=T301(TP_1.2)
Added Component: Designator=T302(TP_1.2)
Added Component: Designator=T303(CX3225CA24000D0HSSCC)
Added Component: Designator=T304(TP_1.2)
Added Component: Designator=T305(TP_1.2)
Added Component: Designator=U100(SO-8 Single)
Added Component: Designator=U101(HTSSOP-20)
Added Component: Designator=U102(SO-8 Single)
Added Component: Designator=U300(48-LQFP)
Added Component: Designator=U500(8HVSON)
Added Component: Designator=U501(8HVSON)
Added Component: Designator=USB700(UJ20-C-H-C-4-SMT-TR)
Added Component: Designator=X200(DF40HC(3.0)-100DS-0.4V(58)
Added Pin To Net: NetName=3V3 Pin=C1-2
Added Pin To Net: NetName=3V3 Pin=C20-2
Added Pin To Net: NetName=3V3 Pin=IC1-6
Added Pin To Net: NetName=3V3 Pin=IC3-5
Added Pin To Net: NetName=3V3 Pin=R1-2
Added Pin To Net: NetName=3V3 Pin=R2-2
Added Pin To Net: NetName=3V3 Pin=R3-2
Added Pin To Net: NetName=3V3 Pin=R4-2
Added Net: Name=3V3
Added Pin To Net: NetName=BAT+_IN Pin=P3-1
Added Pin To Net: NetName=BAT+_IN Pin=R6-1
Added Pin To Net: NetName=BAT+_IN Pin=R7-2
Added Pin To Net: NetName=BAT+_IN Pin=R8-2
Added Net: Name=BAT+_IN
Added Pin To Net: NetName=BAT+_OUT Pin=C101-2
Added Pin To Net: NetName=BAT+_OUT Pin=C102-2
Added Pin To Net: NetName=BAT+_OUT Pin=C103-2
Added Pin To Net: NetName=BAT+_OUT Pin=C104-2
Added Pin To Net: NetName=BAT+_OUT Pin=C105-2
Added Pin To Net: NetName=BAT+_OUT Pin=C122-2
Added Pin To Net: NetName=BAT+_OUT Pin=C123-2
Added Pin To Net: NetName=BAT+_OUT Pin=C124-2
Added Pin To Net: NetName=BAT+_OUT Pin=C125-2
Added Pin To Net: NetName=BAT+_OUT Pin=C134-2
Added Pin To Net: NetName=BAT+_OUT Pin=C135-2
Added Pin To Net: NetName=BAT+_OUT Pin=C136-2
Added Pin To Net: NetName=BAT+_OUT Pin=C137-2
Added Pin To Net: NetName=BAT+_OUT Pin=D3-2
Added Pin To Net: NetName=BAT+_OUT Pin=IC100-18
Added Pin To Net: NetName=BAT+_OUT Pin=IC100-20
Added Pin To Net: NetName=BAT+_OUT Pin=IC100-21
Added Pin To Net: NetName=BAT+_OUT Pin=IC100-22
Added Pin To Net: NetName=BAT+_OUT Pin=IC101-18
Added Pin To Net: NetName=BAT+_OUT Pin=IC101-20
Added Pin To Net: NetName=BAT+_OUT Pin=IC101-21
Added Pin To Net: NetName=BAT+_OUT Pin=IC101-22
Added Pin To Net: NetName=BAT+_OUT Pin=P1-1
Added Pin To Net: NetName=BAT+_OUT Pin=R5-2
Added Pin To Net: NetName=BAT+_OUT Pin=R6-2
Added Pin To Net: NetName=BAT+_OUT Pin=R100-2
Added Pin To Net: NetName=BAT+_OUT Pin=R101-1
Added Pin To Net: NetName=BAT+_OUT Pin=U100-5
Added Pin To Net: NetName=BAT+_OUT Pin=U100-6
Added Pin To Net: NetName=BAT+_OUT Pin=U100-7
Added Pin To Net: NetName=BAT+_OUT Pin=U100-8
Added Net: Name=BAT+_OUT
Added Pin To Net: NetName=FMU_NRST Pin=D202-10
Added Net: Name=FMU_NRST
Added Pin To Net: NetName=FMU_SWCLK Pin=D200-10
Added Pin To Net: NetName=FMU_SWCLK Pin=X200-77
Added Net: Name=FMU_SWCLK
Added Pin To Net: NetName=FMU_SWDIO Pin=D200-9
Added Pin To Net: NetName=FMU_SWDIO Pin=X200-75
Added Net: Name=FMU_SWDIO
Added Pin To Net: NetName=FMU_VDD_3V3 Pin=C406-1
Added Pin To Net: NetName=FMU_VDD_3V3 Pin=C408-2
Added Pin To Net: NetName=FMU_VDD_3V3 Pin=C502-1
Added Pin To Net: NetName=FMU_VDD_3V3 Pin=C505-1
Added Pin To Net: NetName=FMU_VDD_3V3 Pin=C600-1
Added Pin To Net: NetName=FMU_VDD_3V3 Pin=C601-1
Added Pin To Net: NetName=FMU_VDD_3V3 Pin=C602-1
Added Pin To Net: NetName=FMU_VDD_3V3 Pin=C1002-2
Added Pin To Net: NetName=FMU_VDD_3V3 Pin=H201-1
Added Pin To Net: NetName=FMU_VDD_3V3 Pin=IC600-5
Added Pin To Net: NetName=FMU_VDD_3V3 Pin=IC601-5
Added Pin To Net: NetName=FMU_VDD_3V3 Pin=IC602-5
Added Pin To Net: NetName=FMU_VDD_3V3 Pin=IC1000-1
Added Pin To Net: NetName=FMU_VDD_3V3 Pin=IC1000-8
Added Pin To Net: NetName=FMU_VDD_3V3 Pin=R200-2
Added Pin To Net: NetName=FMU_VDD_3V3 Pin=R602-2
Added Pin To Net: NetName=FMU_VDD_3V3 Pin=R800-1
Added Pin To Net: NetName=FMU_VDD_3V3 Pin=R807-1
Added Pin To Net: NetName=FMU_VDD_3V3 Pin=U500-5
Added Pin To Net: NetName=FMU_VDD_3V3 Pin=U501-5
Added Pin To Net: NetName=FMU_VDD_3V3 Pin=X200-84
Added Pin To Net: NetName=FMU_VDD_3V3 Pin=X200-86
Added Net: Name=FMU_VDD_3V3
Added Pin To Net: NetName=HW_VER_REV_DRIVE Pin=R201-1
Added Pin To Net: NetName=HW_VER_REV_DRIVE Pin=X200-25
Added Net: Name=HW_VER_REV_DRIVE
Added Pin To Net: NetName=HW_VER_SENSE Pin=R200-1
Added Pin To Net: NetName=HW_VER_SENSE Pin=R201-2
Added Pin To Net: NetName=HW_VER_SENSE Pin=X200-27
Added Net: Name=HW_VER_SENSE
Added Pin To Net: NetName=IO_NRST Pin=D301-9
Added Net: Name=IO_NRST
Added Pin To Net: NetName=IO_RSSI_IN Pin=U300-33
Added Net: Name=IO_RSSI_IN
Added Pin To Net: NetName=IO_SPARE_GPIO1 Pin=D301-6
Added Pin To Net: NetName=IO_SPARE_GPIO1 Pin=U300-42
Added Net: Name=IO_SPARE_GPIO1
Added Pin To Net: NetName=IO_SPARE_GPIO2 Pin=D301-7
Added Pin To Net: NetName=IO_SPARE_GPIO2 Pin=U300-43
Added Net: Name=IO_SPARE_GPIO2
Added Pin To Net: NetName=IO_SWCLK Pin=D300-9
Added Pin To Net: NetName=IO_SWCLK Pin=U300-37
Added Net: Name=IO_SWCLK
Added Pin To Net: NetName=IO_SWDIO Pin=D300-7
Added Pin To Net: NetName=IO_SWDIO Pin=U300-34
Added Net: Name=IO_SWDIO
Added Pin To Net: NetName=IO_SWO Pin=D300-10
Added Pin To Net: NetName=IO_SWO Pin=U300-39
Added Net: Name=IO_SWO
Added Pin To Net: NetName=IO_USART1_TX_DEBUG Pin=D300-6
Added Pin To Net: NetName=IO_USART1_TX_DEBUG Pin=U300-30
Added Net: Name=IO_USART1_TX_DEBUG
Added Pin To Net: NetName=IO_VDD_3V3 Pin=C302-2
Added Pin To Net: NetName=IO_VDD_3V3 Pin=C303-2
Added Pin To Net: NetName=IO_VDD_3V3 Pin=C304-2
Added Pin To Net: NetName=IO_VDD_3V3 Pin=C305-2
Added Pin To Net: NetName=IO_VDD_3V3 Pin=C605-1
Added Pin To Net: NetName=IO_VDD_3V3 Pin=C808-2
Added Pin To Net: NetName=IO_VDD_3V3 Pin=C809-2
Added Pin To Net: NetName=IO_VDD_3V3 Pin=FL300-1
Added Pin To Net: NetName=IO_VDD_3V3 Pin=H300-1
Added Pin To Net: NetName=IO_VDD_3V3 Pin=IC603-8
Added Pin To Net: NetName=IO_VDD_3V3 Pin=IC800-7
Added Pin To Net: NetName=IO_VDD_3V3 Pin=R302-2
Added Pin To Net: NetName=IO_VDD_3V3 Pin=R801-2
Added Pin To Net: NetName=IO_VDD_3V3 Pin=U300-24
Added Pin To Net: NetName=IO_VDD_3V3 Pin=U300-36
Added Pin To Net: NetName=IO_VDD_3V3 Pin=U300-48
Added Net: Name=IO_VDD_3V3
Added Pin To Net: NetName=IO_VDD_5V Pin=C800-2
Added Pin To Net: NetName=IO_VDD_5V Pin=C803-2
Added Pin To Net: NetName=IO_VDD_5V Pin=C804-2
Added Pin To Net: NetName=IO_VDD_5V Pin=IC800-1
Added Pin To Net: NetName=IO_VDD_5V Pin=IC800-4
Added Net: Name=IO_VDD_5V
Added Pin To Net: NetName=IO_VDD_SERVO_SENS Pin=R305-2
Added Pin To Net: NetName=IO_VDD_SERVO_SENS Pin=R306-2
Added Pin To Net: NetName=IO_VDD_SERVO_SENS Pin=U300-14
Added Net: Name=IO_VDD_SERVO_SENS
Added Pin To Net: NetName=NetC2_1 Pin=C2-1
Added Pin To Net: NetName=NetC2_1 Pin=IC2-1
Added Net: Name=NetC2_1
Added Pin To Net: NetName=NetC3_1 Pin=C3-1
Added Pin To Net: NetName=NetC3_1 Pin=IC2-20
Added Net: Name=NetC3_1
Added Pin To Net: NetName=NetC3_2 Pin=C3-2
Added Pin To Net: NetName=NetC3_2 Pin=C10-2
Added Pin To Net: NetName=NetC3_2 Pin=D4-2
Added Pin To Net: NetName=NetC3_2 Pin=IC2-17
Added Pin To Net: NetName=NetC3_2 Pin=IC2-18
Added Pin To Net: NetName=NetC3_2 Pin=IC2-19
Added Pin To Net: NetName=NetC3_2 Pin=L1-1
Added Net: Name=NetC3_2
Added Pin To Net: NetName=NetC4_2 Pin=C4-2
Added Pin To Net: NetName=NetC4_2 Pin=C5-2
Added Pin To Net: NetName=NetC4_2 Pin=C6-2
Added Pin To Net: NetName=NetC4_2 Pin=C7-2
Added Pin To Net: NetName=NetC4_2 Pin=C8-2
Added Pin To Net: NetName=NetC4_2 Pin=C9-2
Added Pin To Net: NetName=NetC4_2 Pin=D3-1
Added Pin To Net: NetName=NetC4_2 Pin=IC2-3
Added Pin To Net: NetName=NetC4_2 Pin=IC2-4
Added Net: Name=NetC4_2
Added Pin To Net: NetName=NetC10_1 Pin=C10-1
Added Pin To Net: NetName=NetC10_1 Pin=R11-2
Added Net: Name=NetC10_1
Added Pin To Net: NetName=NetC14_1 Pin=C14-1
Added Pin To Net: NetName=NetC14_1 Pin=IC2-11
Added Net: Name=NetC14_1
Added Pin To Net: NetName=NetC16_2 Pin=C16-2
Added Pin To Net: NetName=NetC16_2 Pin=IC2-9
Added Net: Name=NetC16_2
Added Pin To Net: NetName=NetC17_1 Pin=C17-1
Added Pin To Net: NetName=NetC17_1 Pin=IC2-7
Added Pin To Net: NetName=NetC17_1 Pin=R13-1
Added Pin To Net: NetName=NetC17_1 Pin=R15-2
Added Net: Name=NetC17_1
Added Pin To Net: NetName=NetC17_2 Pin=C17-2
Added Pin To Net: NetName=NetC17_2 Pin=R14-2
Added Net: Name=NetC17_2
Added Pin To Net: NetName=NetC19_2 Pin=C19-2
Added Pin To Net: NetName=NetC19_2 Pin=IC3-4
Added Net: Name=NetC19_2
Added Pin To Net: NetName=NetC100_2 Pin=C100-2
Added Pin To Net: NetName=NetC100_2 Pin=U101-17
Added Net: Name=NetC100_2
Added Pin To Net: NetName=NetC106_1 Pin=C106-1
Added Pin To Net: NetName=NetC106_1 Pin=U101-16
Added Net: Name=NetC106_1
Added Pin To Net: NetName=NetC107_1 Pin=C107-1
Added Pin To Net: NetName=NetC107_1 Pin=U101-18
Added Net: Name=NetC107_1
Added Pin To Net: NetName=NetC107_2 Pin=C107-2
Added Pin To Net: NetName=NetC107_2 Pin=L100-1
Added Pin To Net: NetName=NetC107_2 Pin=U100-1
Added Pin To Net: NetName=NetC107_2 Pin=U100-2
Added Pin To Net: NetName=NetC107_2 Pin=U100-3
Added Pin To Net: NetName=NetC107_2 Pin=U101-20
Added Pin To Net: NetName=NetC107_2 Pin=U102-5
Added Pin To Net: NetName=NetC107_2 Pin=U102-6
Added Pin To Net: NetName=NetC107_2 Pin=U102-7
Added Pin To Net: NetName=NetC107_2 Pin=U102-8
Added Net: Name=NetC107_2
Added Pin To Net: NetName=NetC108_1 Pin=C108-1
Added Pin To Net: NetName=NetC108_1 Pin=C109-1
Added Pin To Net: NetName=NetC108_1 Pin=R102-1
Added Pin To Net: NetName=NetC108_1 Pin=R105-2
Added Net: Name=NetC108_1
Added Pin To Net: NetName=NetC108_2 Pin=C108-2
Added Pin To Net: NetName=NetC108_2 Pin=R104-1
Added Net: Name=NetC108_2
Added Pin To Net: NetName=NetC109_2 Pin=C109-2
Added Pin To Net: NetName=NetC109_2 Pin=R104-2
Added Net: Name=NetC109_2
Added Pin To Net: NetName=NetC110_1 Pin=C110-1
Added Pin To Net: NetName=NetC110_1 Pin=R106-2
Added Net: Name=NetC110_1
Added Pin To Net: NetName=NetC126_1 Pin=C126-1
Added Pin To Net: NetName=NetC126_1 Pin=IC100-12
Added Pin To Net: NetName=NetC126_1 Pin=R111-1
Added Pin To Net: NetName=NetC126_1 Pin=R112-2
Added Net: Name=NetC126_1
Added Pin To Net: NetName=NetC127_1 Pin=C127-1
Added Pin To Net: NetName=NetC127_1 Pin=IC100-1
Added Pin To Net: NetName=NetC127_1 Pin=IC100-2
Added Pin To Net: NetName=NetC127_1 Pin=IC100-3
Added Pin To Net: NetName=NetC127_1 Pin=IC100-4
Added Pin To Net: NetName=NetC127_1 Pin=IC100-5
Added Pin To Net: NetName=NetC127_1 Pin=L101-1
Added Net: Name=NetC127_1
Added Pin To Net: NetName=NetC127_2 Pin=C127-2
Added Pin To Net: NetName=NetC127_2 Pin=IC100-6
Added Net: Name=NetC127_2
Added Pin To Net: NetName=NetC128_2 Pin=C128-2
Added Pin To Net: NetName=NetC128_2 Pin=IC100-9
Added Net: Name=NetC128_2
Added Pin To Net: NetName=NetC129_2 Pin=C129-2
Added Pin To Net: NetName=NetC129_2 Pin=IC100-8
Added Net: Name=NetC129_2
Added Pin To Net: NetName=NetC138_1 Pin=C138-1
Added Pin To Net: NetName=NetC138_1 Pin=IC101-12
Added Pin To Net: NetName=NetC138_1 Pin=R114-1
Added Pin To Net: NetName=NetC138_1 Pin=R115-2
Added Net: Name=NetC138_1
Added Pin To Net: NetName=NetC139_1 Pin=C139-1
Added Pin To Net: NetName=NetC139_1 Pin=IC101-1
Added Pin To Net: NetName=NetC139_1 Pin=IC101-2
Added Pin To Net: NetName=NetC139_1 Pin=IC101-3
Added Pin To Net: NetName=NetC139_1 Pin=IC101-4
Added Pin To Net: NetName=NetC139_1 Pin=IC101-5
Added Pin To Net: NetName=NetC139_1 Pin=L102-1
Added Net: Name=NetC139_1
Added Pin To Net: NetName=NetC139_2 Pin=C139-2
Added Pin To Net: NetName=NetC139_2 Pin=IC101-6
Added Net: Name=NetC139_2
Added Pin To Net: NetName=NetC140_2 Pin=C140-2
Added Pin To Net: NetName=NetC140_2 Pin=IC101-9
Added Net: Name=NetC140_2
Added Pin To Net: NetName=NetC141_2 Pin=C141-2
Added Pin To Net: NetName=NetC141_2 Pin=IC101-8
Added Net: Name=NetC141_2
Added Pin To Net: NetName=NetC300_2 Pin=C300-2
Added Pin To Net: NetName=NetC300_2 Pin=C301-2
Added Pin To Net: NetName=NetC300_2 Pin=FL300-2
Added Pin To Net: NetName=NetC300_2 Pin=U300-9
Added Net: Name=NetC300_2
Added Pin To Net: NetName=NetC306_2 Pin=C306-2
Added Pin To Net: NetName=NetC306_2 Pin=T303-1
Added Pin To Net: NetName=NetC306_2 Pin=U300-5
Added Net: Name=NetC306_2
Added Pin To Net: NetName=NetC307_2 Pin=C307-2
Added Pin To Net: NetName=NetC307_2 Pin=T303-2
Added Pin To Net: NetName=NetC307_2 Pin=U300-6
Added Net: Name=NetC307_2
Added Pin To Net: NetName=NetC400_2 Pin=C400-2
Added Pin To Net: NetName=NetC400_2 Pin=D400-2
Added Pin To Net: NetName=NetC400_2 Pin=H400-1
Added Net: Name=NetC400_2
Added Pin To Net: NetName=NetC402_2 Pin=C402-2
Added Pin To Net: NetName=NetC402_2 Pin=D402-2
Added Pin To Net: NetName=NetC402_2 Pin=H401-1
Added Net: Name=NetC402_2
Added Pin To Net: NetName=NetC404_2 Pin=C404-2
Added Pin To Net: NetName=NetC404_2 Pin=D404-2
Added Pin To Net: NetName=NetC404_2 Pin=H402-1
Added Net: Name=NetC404_2
Added Pin To Net: NetName=NetC406_2 Pin=C406-2
Added Pin To Net: NetName=NetC406_2 Pin=D406-2
Added Pin To Net: NetName=NetC406_2 Pin=H401-8
Added Net: Name=NetC406_2
Added Pin To Net: NetName=NetC407_2 Pin=C407-2
Added Pin To Net: NetName=NetC407_2 Pin=D407-2
Added Pin To Net: NetName=NetC407_2 Pin=H403-1
Added Net: Name=NetC407_2
Added Pin To Net: NetName=NetC410_2 Pin=C410-2
Added Pin To Net: NetName=NetC410_2 Pin=D409-2
Added Pin To Net: NetName=NetC410_2 Pin=H404-1
Added Net: Name=NetC410_2
Added Pin To Net: NetName=NetC412_2 Pin=C412-2
Added Pin To Net: NetName=NetC412_2 Pin=D411-2
Added Net: Name=NetC412_2
Added Pin To Net: NetName=NetC500_2 Pin=C500-2
Added Pin To Net: NetName=NetC500_2 Pin=D500-2
Added Pin To Net: NetName=NetC500_2 Pin=H500-1
Added Net: Name=NetC500_2
Added Pin To Net: NetName=NetC603_2 Pin=C603-2
Added Pin To Net: NetName=NetC603_2 Pin=D600-2
Added Pin To Net: NetName=NetC603_2 Pin=H600-2
Added Net: Name=NetC603_2
Added Pin To Net: NetName=NetC702_1 Pin=C702-1
Added Pin To Net: NetName=NetC702_1 Pin=F701-2
Added Pin To Net: NetName=NetC702_1 Pin=F701-4
Added Pin To Net: NetName=NetC702_1 Pin=IC700-13
Added Pin To Net: NetName=NetC702_1 Pin=IC700-14
Added Net: Name=NetC702_1
Added Pin To Net: NetName=NetC704_2 Pin=C704-2
Added Pin To Net: NetName=NetC704_2 Pin=F700-1
Added Pin To Net: NetName=NetC704_2 Pin=F700-3
Added Pin To Net: NetName=NetC704_2 Pin=IC700-18
Added Net: Name=NetC704_2
Added Pin To Net: NetName=NetC707_2 Pin=C707-2
Added Pin To Net: NetName=NetC707_2 Pin=IC700-1
Added Pin To Net: NetName=NetC707_2 Pin=R704-1
Added Pin To Net: NetName=NetC707_2 Pin=R708-2
Added Net: Name=NetC707_2
Added Pin To Net: NetName=NetC708_2 Pin=C708-2
Added Pin To Net: NetName=NetC708_2 Pin=IC700-3
Added Pin To Net: NetName=NetC708_2 Pin=R705-1
Added Pin To Net: NetName=NetC708_2 Pin=R709-2
Added Net: Name=NetC708_2
Added Pin To Net: NetName=NetC709_2 Pin=C709-2
Added Pin To Net: NetName=NetC709_2 Pin=IC700-5
Added Pin To Net: NetName=NetC709_2 Pin=R706-1
Added Pin To Net: NetName=NetC709_2 Pin=R710-2
Added Net: Name=NetC709_2
Added Pin To Net: NetName=NetC805_2 Pin=C805-2
Added Pin To Net: NetName=NetC805_2 Pin=IC800-6
Added Net: Name=NetC805_2
Added Pin To Net: NetName=NetC810_2 Pin=C810-2
Added Pin To Net: NetName=NetC810_2 Pin=IC800-3
Added Pin To Net: NetName=NetC810_2 Pin=R801-1
Added Pin To Net: NetName=NetC810_2 Pin=U300-7
Added Net: Name=NetC810_2
Added Pin To Net: NetName=NetC1000_2 Pin=C1000-2
Added Pin To Net: NetName=NetC1000_2 Pin=D1000-2
Added Pin To Net: NetName=NetC1000_2 Pin=H1000-1
Added Net: Name=NetC1000_2
Added Pin To Net: NetName=NetD1_2 Pin=D1-2
Added Pin To Net: NetName=NetD1_2 Pin=IC1-4
Added Pin To Net: NetName=NetD1_2 Pin=R2-1
Added Pin To Net: NetName=NetD1_2 Pin=R9-2
Added Net: Name=NetD1_2
Added Pin To Net: NetName=NetD2_2 Pin=D2-2
Added Pin To Net: NetName=NetD2_2 Pin=IC1-5
Added Pin To Net: NetName=NetD2_2 Pin=R1-1
Added Pin To Net: NetName=NetD2_2 Pin=R10-2
Added Net: Name=NetD2_2
Added Pin To Net: NetName=NetD4_1 Pin=D4-1
Added Pin To Net: NetName=NetD4_1 Pin=IC2-15
Added Pin To Net: NetName=NetD4_1 Pin=IC2-16
Added Net: Name=NetD4_1
Added Pin To Net: NetName=NetD200_1 Pin=D200-1
Added Pin To Net: NetName=NetD200_1 Pin=H201-5
Added Net: Name=NetD200_1
Added Pin To Net: NetName=NetD200_2 Pin=D200-2
Added Pin To Net: NetName=NetD200_2 Pin=H201-4
Added Net: Name=NetD200_2
Added Pin To Net: NetName=NetD200_4 Pin=D200-4
Added Pin To Net: NetName=NetD200_4 Pin=H201-3
Added Net: Name=NetD200_4
Added Pin To Net: NetName=NetD200_5 Pin=D200-5
Added Pin To Net: NetName=NetD200_5 Pin=H201-2
Added Net: Name=NetD200_5
Added Pin To Net: NetName=NetD200_7 Pin=D200-7
Added Pin To Net: NetName=NetD200_7 Pin=D201-3
Added Net: Name=NetD200_7
Added Pin To Net: NetName=NetD202_1 Pin=D202-1
Added Pin To Net: NetName=NetD202_1 Pin=H201-9
Added Net: Name=NetD202_1
Added Pin To Net: NetName=NetD202_2 Pin=D202-2
Added Pin To Net: NetName=NetD202_2 Pin=H201-8
Added Net: Name=NetD202_2
Added Pin To Net: NetName=NetD202_4 Pin=D202-4
Added Pin To Net: NetName=NetD202_4 Pin=H201-7
Added Net: Name=NetD202_4
Added Pin To Net: NetName=NetD202_5 Pin=D202-5
Added Pin To Net: NetName=NetD202_5 Pin=H201-6
Added Net: Name=NetD202_5
Added Pin To Net: NetName=NetD300_1 Pin=D300-1
Added Pin To Net: NetName=NetD300_1 Pin=H300-6
Added Net: Name=NetD300_1
Added Pin To Net: NetName=NetD300_2 Pin=D300-2
Added Pin To Net: NetName=NetD300_2 Pin=H300-5
Added Net: Name=NetD300_2
Added Pin To Net: NetName=NetD300_4 Pin=D300-4
Added Pin To Net: NetName=NetD300_4 Pin=H300-4
Added Net: Name=NetD300_4
Added Pin To Net: NetName=NetD300_5 Pin=D300-5
Added Pin To Net: NetName=NetD300_5 Pin=H300-2
Added Net: Name=NetD300_5
Added Pin To Net: NetName=NetD301_2 Pin=D301-2
Added Pin To Net: NetName=NetD301_2 Pin=H300-9
Added Net: Name=NetD301_2
Added Pin To Net: NetName=NetD301_4 Pin=D301-4
Added Pin To Net: NetName=NetD301_4 Pin=H300-8
Added Net: Name=NetD301_4
Added Pin To Net: NetName=NetD301_5 Pin=D301-5
Added Pin To Net: NetName=NetD301_5 Pin=H300-7
Added Net: Name=NetD301_5
Added Pin To Net: NetName=NetD401_1 Pin=D401-1
Added Pin To Net: NetName=NetD401_1 Pin=H400-5
Added Net: Name=NetD401_1
Added Pin To Net: NetName=NetD401_2 Pin=D401-2
Added Pin To Net: NetName=NetD401_2 Pin=H400-4
Added Net: Name=NetD401_2
Added Pin To Net: NetName=NetD401_4 Pin=D401-4
Added Pin To Net: NetName=NetD401_4 Pin=H400-3
Added Net: Name=NetD401_4
Added Pin To Net: NetName=NetD401_5 Pin=D401-5
Added Pin To Net: NetName=NetD401_5 Pin=H400-2
Added Net: Name=NetD401_5
Added Pin To Net: NetName=NetD401_6 Pin=D401-6
Added Pin To Net: NetName=NetD401_6 Pin=R400-2
Added Net: Name=NetD401_6
Added Pin To Net: NetName=NetD401_7 Pin=D401-7
Added Pin To Net: NetName=NetD401_7 Pin=R401-2
Added Net: Name=NetD401_7
Added Pin To Net: NetName=NetD401_9 Pin=D401-9
Added Pin To Net: NetName=NetD401_9 Pin=R402-2
Added Net: Name=NetD401_9
Added Pin To Net: NetName=NetD401_10 Pin=D401-10
Added Pin To Net: NetName=NetD401_10 Pin=R403-2
Added Net: Name=NetD401_10
Added Pin To Net: NetName=NetD403_1 Pin=D403-1
Added Pin To Net: NetName=NetD403_1 Pin=H401-5
Added Net: Name=NetD403_1
Added Pin To Net: NetName=NetD403_2 Pin=D403-2
Added Pin To Net: NetName=NetD403_2 Pin=H401-4
Added Net: Name=NetD403_2
Added Pin To Net: NetName=NetD403_4 Pin=D403-4
Added Pin To Net: NetName=NetD403_4 Pin=H401-3
Added Net: Name=NetD403_4
Added Pin To Net: NetName=NetD403_5 Pin=D403-5
Added Pin To Net: NetName=NetD403_5 Pin=H401-2
Added Net: Name=NetD403_5
Added Pin To Net: NetName=NetD403_6 Pin=D403-6
Added Pin To Net: NetName=NetD403_6 Pin=R404-2
Added Net: Name=NetD403_6
Added Pin To Net: NetName=NetD403_7 Pin=D403-7
Added Pin To Net: NetName=NetD403_7 Pin=R405-2
Added Net: Name=NetD403_7
Added Pin To Net: NetName=NetD403_9 Pin=D403-9
Added Pin To Net: NetName=NetD403_9 Pin=R406-2
Added Net: Name=NetD403_9
Added Pin To Net: NetName=NetD403_10 Pin=D403-10
Added Pin To Net: NetName=NetD403_10 Pin=R407-2
Added Net: Name=NetD403_10
Added Pin To Net: NetName=NetD405_1 Pin=D405-1
Added Pin To Net: NetName=NetD405_1 Pin=H402-5
Added Net: Name=NetD405_1
Added Pin To Net: NetName=NetD405_2 Pin=D405-2
Added Pin To Net: NetName=NetD405_2 Pin=H402-4
Added Net: Name=NetD405_2
Added Pin To Net: NetName=NetD405_4 Pin=D405-4
Added Pin To Net: NetName=NetD405_4 Pin=H402-3
Added Net: Name=NetD405_4
Added Pin To Net: NetName=NetD405_5 Pin=D405-5
Added Pin To Net: NetName=NetD405_5 Pin=H402-2
Added Net: Name=NetD405_5
Added Pin To Net: NetName=NetD405_6 Pin=D405-6
Added Pin To Net: NetName=NetD405_6 Pin=R408-2
Added Net: Name=NetD405_6
Added Pin To Net: NetName=NetD405_7 Pin=D405-7
Added Pin To Net: NetName=NetD405_7 Pin=R410-2
Added Net: Name=NetD405_7
Added Pin To Net: NetName=NetD405_9 Pin=D405-9
Added Pin To Net: NetName=NetD405_9 Pin=R413-2
Added Net: Name=NetD405_9
Added Pin To Net: NetName=NetD405_10 Pin=D405-10
Added Pin To Net: NetName=NetD405_10 Pin=R415-2
Added Net: Name=NetD405_10
Added Pin To Net: NetName=NetD406_1 Pin=D406-1
Added Pin To Net: NetName=NetD406_1 Pin=H401-9
Added Net: Name=NetD406_1
Added Pin To Net: NetName=NetD406_4 Pin=D406-4
Added Pin To Net: NetName=NetD406_4 Pin=H401-7
Added Net: Name=NetD406_4
Added Pin To Net: NetName=NetD406_5 Pin=D406-5
Added Pin To Net: NetName=NetD406_5 Pin=H401-6
Added Pin To Net: NetName=NetD406_5 Pin=R416-2
Added Net: Name=NetD406_5
Added Pin To Net: NetName=NetD406_6 Pin=D406-6
Added Pin To Net: NetName=NetD406_6 Pin=R409-2
Added Pin To Net: NetName=NetD406_6 Pin=R411-2
Added Net: Name=NetD406_6
Added Pin To Net: NetName=NetD406_7 Pin=D406-7
Added Pin To Net: NetName=NetD406_7 Pin=R412-2
Added Pin To Net: NetName=NetD406_7 Pin=R414-2
Added Net: Name=NetD406_7
Added Pin To Net: NetName=NetD406_10 Pin=D406-10
Added Pin To Net: NetName=NetD406_10 Pin=F400-3
Added Net: Name=NetD406_10
Added Pin To Net: NetName=NetD408_1 Pin=D408-1
Added Pin To Net: NetName=NetD408_1 Pin=H403-5
Added Net: Name=NetD408_1
Added Pin To Net: NetName=NetD408_2 Pin=D408-2
Added Pin To Net: NetName=NetD408_2 Pin=H403-4
Added Net: Name=NetD408_2
Added Pin To Net: NetName=NetD408_4 Pin=D408-4
Added Pin To Net: NetName=NetD408_4 Pin=H403-3
Added Net: Name=NetD408_4
Added Pin To Net: NetName=NetD408_5 Pin=D408-5
Added Pin To Net: NetName=NetD408_5 Pin=H403-2
Added Net: Name=NetD408_5
Added Pin To Net: NetName=NetD408_6 Pin=D408-6
Added Pin To Net: NetName=NetD408_6 Pin=R418-2
Added Net: Name=NetD408_6
Added Pin To Net: NetName=NetD408_7 Pin=D408-7
Added Pin To Net: NetName=NetD408_7 Pin=R419-2
Added Net: Name=NetD408_7
Added Pin To Net: NetName=NetD408_9 Pin=D408-9
Added Pin To Net: NetName=NetD408_9 Pin=R420-2
Added Net: Name=NetD408_9
Added Pin To Net: NetName=NetD408_10 Pin=D408-10
Added Pin To Net: NetName=NetD408_10 Pin=R421-2
Added Net: Name=NetD408_10
Added Pin To Net: NetName=NetD410_1 Pin=D410-1
Added Pin To Net: NetName=NetD410_1 Pin=H404-5
Added Net: Name=NetD410_1
Added Pin To Net: NetName=NetD410_2 Pin=D410-2
Added Pin To Net: NetName=NetD410_2 Pin=H404-4
Added Net: Name=NetD410_2
Added Pin To Net: NetName=NetD410_4 Pin=D410-4
Added Pin To Net: NetName=NetD410_4 Pin=H404-3
Added Net: Name=NetD410_4
Added Pin To Net: NetName=NetD410_5 Pin=D410-5
Added Pin To Net: NetName=NetD410_5 Pin=H404-2
Added Net: Name=NetD410_5
Added Pin To Net: NetName=NetD410_6 Pin=D410-6
Added Pin To Net: NetName=NetD410_6 Pin=R422-2
Added Net: Name=NetD410_6
Added Pin To Net: NetName=NetD410_7 Pin=D410-7
Added Pin To Net: NetName=NetD410_7 Pin=R423-2
Added Net: Name=NetD410_7
Added Pin To Net: NetName=NetD410_9 Pin=D410-9
Added Pin To Net: NetName=NetD410_9 Pin=R424-2
Added Net: Name=NetD410_9
Added Pin To Net: NetName=NetD410_10 Pin=D410-10
Added Pin To Net: NetName=NetD410_10 Pin=R425-2
Added Net: Name=NetD410_10
Added Pin To Net: NetName=NetD412_1 Pin=D412-1
Added Pin To Net: NetName=NetD412_1 Pin=H405-5
Added Net: Name=NetD412_1
Added Pin To Net: NetName=NetD412_2 Pin=D412-2
Added Pin To Net: NetName=NetD412_2 Pin=H405-4
Added Net: Name=NetD412_2
Added Pin To Net: NetName=NetD412_4 Pin=D412-4
Added Pin To Net: NetName=NetD412_4 Pin=H405-3
Added Net: Name=NetD412_4
Added Pin To Net: NetName=NetD412_6 Pin=D412-6
Added Pin To Net: NetName=NetD412_6 Pin=R426-2
Added Net: Name=NetD412_6
Added Pin To Net: NetName=NetD412_7 Pin=D412-7
Added Pin To Net: NetName=NetD412_7 Pin=R427-2
Added Net: Name=NetD412_7
Added Pin To Net: NetName=NetD412_9 Pin=D412-9
Added Pin To Net: NetName=NetD412_9 Pin=R428-2
Added Net: Name=NetD412_9
Added Pin To Net: NetName=NetD412_10 Pin=D412-10
Added Pin To Net: NetName=NetD412_10 Pin=R429-2
Added Net: Name=NetD412_10
Added Pin To Net: NetName=NetD413_1 Pin=D413-1
Added Pin To Net: NetName=NetD413_1 Pin=H405-6
Added Pin To Net: NetName=NetD413_1 Pin=R430-2
Added Net: Name=NetD413_1
Added Pin To Net: NetName=NetD601_2 Pin=D601-2
Added Pin To Net: NetName=NetD601_2 Pin=H600-3
Added Pin To Net: NetName=NetD601_2 Pin=R604-2
Added Pin To Net: NetName=NetD601_2 Pin=R605-2
Added Net: Name=NetD601_2
Added Pin To Net: NetName=NetD602_1 Pin=D602-1
Added Pin To Net: NetName=NetD602_1 Pin=H601-3
Added Pin To Net: NetName=NetD602_1 Pin=R606-1
Added Pin To Net: NetName=NetD602_1 Pin=R607-2
Added Net: Name=NetD602_1
Added Pin To Net: NetName=NetD700_1 Pin=D700-1
Added Pin To Net: NetName=NetD700_1 Pin=USB700-A6
Added Pin To Net: NetName=NetD700_1 Pin=USB700-B6
Added Net: Name=NetD700_1
Added Pin To Net: NetName=NetD700_2 Pin=D700-2
Added Pin To Net: NetName=NetD700_2 Pin=USB700-A7
Added Pin To Net: NetName=NetD700_2 Pin=USB700-B7
Added Net: Name=NetD700_2
Added Pin To Net: NetName=NetD700_9 Pin=D700-9
Added Pin To Net: NetName=NetD700_9 Pin=H700-3
Added Pin To Net: NetName=NetD700_9 Pin=R702-1
Added Net: Name=NetD700_9
Added Pin To Net: NetName=NetD700_10 Pin=D700-10
Added Pin To Net: NetName=NetD700_10 Pin=H700-2
Added Pin To Net: NetName=NetD700_10 Pin=R701-1
Added Net: Name=NetD700_10
Added Pin To Net: NetName=NetD800_2 Pin=D800-2
Added Pin To Net: NetName=NetD800_2 Pin=FUSE800-2
Added Net: Name=NetD800_2
Added Pin To Net: NetName=NetD900_1 Pin=D900-1
Added Pin To Net: NetName=NetD900_1 Pin=H903-3
Added Net: Name=NetD900_1
Added Pin To Net: NetName=NetD900_2 Pin=D900-2
Added Pin To Net: NetName=NetD900_2 Pin=H902-3
Added Net: Name=NetD900_2
Added Pin To Net: NetName=NetD900_4 Pin=D900-4
Added Pin To Net: NetName=NetD900_4 Pin=H901-3
Added Net: Name=NetD900_4
Added Pin To Net: NetName=NetD900_5 Pin=D900-5
Added Pin To Net: NetName=NetD900_5 Pin=H900-3
Added Net: Name=NetD900_5
Added Pin To Net: NetName=NetD900_6 Pin=D900-6
Added Pin To Net: NetName=NetD900_6 Pin=R900-2
Added Net: Name=NetD900_6
Added Pin To Net: NetName=NetD900_7 Pin=D900-7
Added Pin To Net: NetName=NetD900_7 Pin=R901-2
Added Net: Name=NetD900_7
Added Pin To Net: NetName=NetD900_9 Pin=D900-9
Added Pin To Net: NetName=NetD900_9 Pin=R902-2
Added Net: Name=NetD900_9
Added Pin To Net: NetName=NetD901_1 Pin=D901-1
Added Pin To Net: NetName=NetD901_1 Pin=H907-3
Added Net: Name=NetD901_1
Added Pin To Net: NetName=NetD901_2 Pin=D901-2
Added Pin To Net: NetName=NetD901_2 Pin=H906-3
Added Net: Name=NetD901_2
Added Pin To Net: NetName=NetD901_4 Pin=D901-4
Added Pin To Net: NetName=NetD901_4 Pin=H905-3
Added Net: Name=NetD901_4
Added Pin To Net: NetName=NetD901_5 Pin=D901-5
Added Pin To Net: NetName=NetD901_5 Pin=H904-3
Added Net: Name=NetD901_5
Added Pin To Net: NetName=NetD901_6 Pin=D901-6
Added Pin To Net: NetName=NetD901_6 Pin=R904-2
Added Net: Name=NetD901_6
Added Pin To Net: NetName=NetD901_7 Pin=D901-7
Added Pin To Net: NetName=NetD901_7 Pin=R905-2
Added Net: Name=NetD901_7
Added Pin To Net: NetName=NetD901_9 Pin=D901-9
Added Pin To Net: NetName=NetD901_9 Pin=R906-2
Added Net: Name=NetD901_9
Added Pin To Net: NetName=NetD902_1 Pin=D902-1
Added Pin To Net: NetName=NetD902_1 Pin=H911-3
Added Net: Name=NetD902_1
Added Pin To Net: NetName=NetD902_2 Pin=D902-2
Added Pin To Net: NetName=NetD902_2 Pin=H910-3
Added Net: Name=NetD902_2
Added Pin To Net: NetName=NetD902_4 Pin=D902-4
Added Pin To Net: NetName=NetD902_4 Pin=H909-3
Added Net: Name=NetD902_4
Added Pin To Net: NetName=NetD902_5 Pin=D902-5
Added Pin To Net: NetName=NetD902_5 Pin=H908-3
Added Net: Name=NetD902_5
Added Pin To Net: NetName=NetD902_6 Pin=D902-6
Added Pin To Net: NetName=NetD902_6 Pin=R908-2
Added Net: Name=NetD902_6
Added Pin To Net: NetName=NetD902_7 Pin=D902-7
Added Pin To Net: NetName=NetD902_7 Pin=R909-2
Added Net: Name=NetD902_7
Added Pin To Net: NetName=NetD902_9 Pin=D902-9
Added Pin To Net: NetName=NetD902_9 Pin=R910-2
Added Net: Name=NetD902_9
Added Pin To Net: NetName=NetD903_1 Pin=D903-1
Added Pin To Net: NetName=NetD903_1 Pin=H915-3
Added Net: Name=NetD903_1
Added Pin To Net: NetName=NetD903_2 Pin=D903-2
Added Pin To Net: NetName=NetD903_2 Pin=H914-3
Added Net: Name=NetD903_2
Added Pin To Net: NetName=NetD903_4 Pin=D903-4
Added Pin To Net: NetName=NetD903_4 Pin=H913-3
Added Net: Name=NetD903_4
Added Pin To Net: NetName=NetD903_5 Pin=D903-5
Added Pin To Net: NetName=NetD903_5 Pin=H912-3
Added Net: Name=NetD903_5
Added Pin To Net: NetName=NetD903_6 Pin=D903-6
Added Pin To Net: NetName=NetD903_6 Pin=R912-2
Added Net: Name=NetD903_6
Added Pin To Net: NetName=NetD903_7 Pin=D903-7
Added Pin To Net: NetName=NetD903_7 Pin=R913-2
Added Net: Name=NetD903_7
Added Pin To Net: NetName=NetD903_9 Pin=D903-9
Added Pin To Net: NetName=NetD903_9 Pin=R914-2
Added Net: Name=NetD903_9
Added Pin To Net: NetName=NetD1001_2 Pin=D1001-2
Added Pin To Net: NetName=NetD1001_2 Pin=H1000-3
Added Pin To Net: NetName=NetD1001_2 Pin=R1001-2
Added Net: Name=NetD1001_2
Added Pin To Net: NetName=NetD1002_2 Pin=D1002-2
Added Pin To Net: NetName=NetD1002_2 Pin=H1000-2
Added Pin To Net: NetName=NetD1002_2 Pin=R1000-2
Added Net: Name=NetD1002_2
Added Pin To Net: NetName=NetF400_1 Pin=F400-1
Added Pin To Net: NetName=NetF400_1 Pin=R417-2
Added Pin To Net: NetName=NetF400_1 Pin=X200-4
Added Net: Name=NetF400_1
Added Pin To Net: NetName=NetF700_2 Pin=F700-2
Added Pin To Net: NetName=NetF700_2 Pin=F700-4
Added Pin To Net: NetName=NetF700_2 Pin=IC700-17
Added Net: Name=NetF700_2
Added Pin To Net: NetName=NetF701_1 Pin=F701-1
Added Pin To Net: NetName=NetF701_1 Pin=F701-3
Added Net: Name=NetF701_1
Added Pin To Net: NetName=NetH200_48 Pin=R430-1
Added Net: Name=NetH200_48
Added Pin To Net: NetName=NetH500_2 Pin=H500-2
Added Pin To Net: NetName=NetH500_2 Pin=R500-2
Added Pin To Net: NetName=NetH500_2 Pin=U500-6
Added Net: Name=NetH500_2
Added Pin To Net: NetName=NetH500_3 Pin=H500-3
Added Pin To Net: NetName=NetH500_3 Pin=R500-1
Added Pin To Net: NetName=NetH500_3 Pin=U500-7
Added Net: Name=NetH500_3
Added Pin To Net: NetName=NetH501_2 Pin=H501-2
Added Pin To Net: NetName=NetH501_2 Pin=R501-2
Added Pin To Net: NetName=NetH501_2 Pin=U501-6
Added Net: Name=NetH501_2
Added Pin To Net: NetName=NetH501_3 Pin=H501-3
Added Pin To Net: NetName=NetH501_3 Pin=R501-1
Added Pin To Net: NetName=NetH501_3 Pin=U501-7
Added Net: Name=NetH501_3
Added Pin To Net: NetName=NetIC1_1 Pin=IC1-1
Added Pin To Net: NetName=NetIC1_1 Pin=R4-1
Added Net: Name=NetIC1_1
Added Pin To Net: NetName=NetIC1_2 Pin=IC1-2
Added Pin To Net: NetName=NetIC1_2 Pin=R3-1
Added Net: Name=NetIC1_2
Added Pin To Net: NetName=NetIC1_8 Pin=IC1-8
Added Pin To Net: NetName=NetIC1_8 Pin=R8-1
Added Net: Name=NetIC1_8
Added Pin To Net: NetName=NetIC1_9 Pin=IC1-9
Added Pin To Net: NetName=NetIC1_9 Pin=R5-1
Added Net: Name=NetIC1_9
Added Pin To Net: NetName=NetIC1_10 Pin=IC1-10
Added Pin To Net: NetName=NetIC1_10 Pin=R7-1
Added Net: Name=NetIC1_10
Added Pin To Net: NetName=NetIC2_6 Pin=IC2-6
Added Pin To Net: NetName=NetIC2_6 Pin=R14-1
Added Net: Name=NetIC2_6
Added Pin To Net: NetName=NetIC2_8 Pin=IC2-8
Added Pin To Net: NetName=NetIC2_8 Pin=R12-2
Added Net: Name=NetIC2_8
Added Pin To Net: NetName=NetIC100_16 Pin=IC100-16
Added Pin To Net: NetName=NetIC100_16 Pin=R113-1
Added Net: Name=NetIC100_16
Added Pin To Net: NetName=NetIC101_16 Pin=IC101-16
Added Pin To Net: NetName=NetIC101_16 Pin=R116-1
Added Net: Name=NetIC101_16
Added Pin To Net: NetName=NetIC600_1 Pin=IC600-1
Added Net: Name=NetIC600_1
Added Pin To Net: NetName=NetIC600_4 Pin=IC600-4
Added Pin To Net: NetName=NetIC600_4 Pin=IC601-1
Added Pin To Net: NetName=NetIC600_4 Pin=IC601-2
Added Net: Name=NetIC600_4
Added Pin To Net: NetName=NetIC601_4 Pin=IC601-4
Added Pin To Net: NetName=NetIC601_4 Pin=R601-2
Added Pin To Net: NetName=NetIC601_4 Pin=X200-80
Added Net: Name=NetIC601_4
Added Pin To Net: NetName=NetIC602_1 Pin=IC602-1
Added Pin To Net: NetName=NetIC602_1 Pin=R602-1
Added Pin To Net: NetName=NetIC602_1 Pin=X200-85
Added Net: Name=NetIC602_1
Added Pin To Net: NetName=NetIC602_2 Pin=IC602-2
Added Pin To Net: NetName=NetIC602_2 Pin=R603-2
Added Pin To Net: NetName=NetIC602_2 Pin=U300-2
Added Net: Name=NetIC602_2
Added Pin To Net: NetName=NetIC602_4 Pin=IC602-4
Added Pin To Net: NetName=NetIC602_4 Pin=X200-87
Added Net: Name=NetIC602_4
Added Pin To Net: NetName=NetIC603_2 Pin=IC603-2
Added Pin To Net: NetName=NetIC603_2 Pin=R605-1
Added Net: Name=NetIC603_2
Added Pin To Net: NetName=NetIC603_3 Pin=IC603-3
Added Pin To Net: NetName=NetIC603_3 Pin=R607-1
Added Net: Name=NetIC603_3
Added Pin To Net: NetName=NetIC603_5 Pin=IC603-5
Added Pin To Net: NetName=NetIC603_5 Pin=U300-21
Added Net: Name=NetIC603_5
Added Pin To Net: NetName=NetIC603_6 Pin=IC603-6
Added Pin To Net: NetName=NetIC603_6 Pin=U300-22
Added Net: Name=NetIC603_6
Added Pin To Net: NetName=NetIC603_7 Pin=IC603-7
Added Pin To Net: NetName=NetIC603_7 Pin=R608-1
Added Pin To Net: NetName=NetIC603_7 Pin=R609-2
Added Net: Name=NetIC603_7
Added Pin To Net: NetName=NetIC700_2 Pin=IC700-2
Added Pin To Net: NetName=NetIC700_2 Pin=R708-1
Added Pin To Net: NetName=NetIC700_2 Pin=R711-2
Added Net: Name=NetIC700_2
Added Pin To Net: NetName=NetIC700_4 Pin=IC700-4
Added Pin To Net: NetName=NetIC700_4 Pin=R709-1
Added Pin To Net: NetName=NetIC700_4 Pin=R712-2
Added Net: Name=NetIC700_4
Added Pin To Net: NetName=NetIC700_6 Pin=IC700-6
Added Pin To Net: NetName=NetIC700_6 Pin=R710-1
Added Pin To Net: NetName=NetIC700_6 Pin=R713-2
Added Net: Name=NetIC700_6
Added Pin To Net: NetName=NetIC700_7 Pin=IC700-7
Added Pin To Net: NetName=NetIC700_7 Pin=X200-89
Added Net: Name=NetIC700_7
Added Pin To Net: NetName=NetIC700_8 Pin=IC700-8
Added Pin To Net: NetName=NetIC700_8 Pin=X200-91
Added Net: Name=NetIC700_8
Added Pin To Net: NetName=NetIC700_9 Pin=IC700-9
Added Pin To Net: NetName=NetIC700_9 Pin=X200-93
Added Net: Name=NetIC700_9
Added Pin To Net: NetName=NetIC700_10 Pin=IC700-10
Added Pin To Net: NetName=NetIC700_10 Pin=IC700-25
Added Pin To Net: NetName=NetIC700_10 Pin=R707-1
Added Net: Name=NetIC700_10
Added Pin To Net: NetName=NetIC700_20 Pin=IC700-20
Added Pin To Net: NetName=NetIC700_20 Pin=R705-2
Added Net: Name=NetIC700_20
Added Pin To Net: NetName=NetIC700_24 Pin=IC700-24
Added Pin To Net: NetName=NetIC700_24 Pin=R707-2
Added Net: Name=NetIC700_24
Added Pin To Net: NetName=NetIC800_5 Pin=IC800-5
Added Pin To Net: NetName=NetIC800_5 Pin=R803-2
Added Pin To Net: NetName=NetIC800_5 Pin=R805-2
Added Net: Name=NetIC800_5
Added Pin To Net: NetName=NetIC801_4 Pin=IC801-4
Added Pin To Net: NetName=NetIC801_4 Pin=R800-2
Added Pin To Net: NetName=NetIC801_4 Pin=R802-1
Added Net: Name=NetIC801_4
Added Pin To Net: NetName=NetIC801_5 Pin=IC801-5
Added Pin To Net: NetName=NetIC801_5 Pin=R804-1
Added Net: Name=NetIC801_5
Added Pin To Net: NetName=NetIC801_7 Pin=IC801-7
Added Pin To Net: NetName=NetIC801_7 Pin=R806-2
Added Net: Name=NetIC801_7
Added Pin To Net: NetName=NetIC802_4 Pin=IC802-4
Added Pin To Net: NetName=NetIC802_4 Pin=R807-2
Added Pin To Net: NetName=NetIC802_4 Pin=R808-1
Added Net: Name=NetIC802_4
Added Pin To Net: NetName=NetIC802_5 Pin=IC802-5
Added Pin To Net: NetName=NetIC802_5 Pin=R809-1
Added Net: Name=NetIC802_5
Added Pin To Net: NetName=NetIC802_7 Pin=IC802-7
Added Pin To Net: NetName=NetIC802_7 Pin=R810-2
Added Net: Name=NetIC802_7
Added Pin To Net: NetName=NetIC1000_5 Pin=IC1000-5
Added Pin To Net: NetName=NetIC1000_5 Pin=R429-1
Added Pin To Net: NetName=NetIC1000_5 Pin=R1001-1
Added Pin To Net: NetName=NetIC1000_5 Pin=X200-8
Added Net: Name=NetIC1000_5
Added Pin To Net: NetName=NetIC1000_6 Pin=IC1000-6
Added Pin To Net: NetName=NetIC1000_6 Pin=R428-1
Added Pin To Net: NetName=NetIC1000_6 Pin=R1000-1
Added Pin To Net: NetName=NetIC1000_6 Pin=X200-10
Added Net: Name=NetIC1000_6
Added Pin To Net: NetName=NetR9_1 Pin=R9-1
Added Pin To Net: NetName=NetR9_1 Pin=R406-1
Added Pin To Net: NetName=NetR9_1 Pin=X200-16
Added Net: Name=NetR9_1
Added Pin To Net: NetName=NetR10_1 Pin=R10-1
Added Pin To Net: NetName=NetR10_1 Pin=R407-1
Added Pin To Net: NetName=NetR10_1 Pin=X200-18
Added Net: Name=NetR10_1
Added Pin To Net: NetName=NetR101_2 Pin=R101-2
Added Pin To Net: NetName=NetR101_2 Pin=R103-1
Added Net: Name=NetR101_2
Added Pin To Net: NetName=NetR107_1 Pin=R107-1
Added Pin To Net: NetName=NetR107_1 Pin=R109-1
Added Pin To Net: NetName=NetR107_1 Pin=R110-2
Added Pin To Net: NetName=NetR107_1 Pin=U102-1
Added Pin To Net: NetName=NetR107_1 Pin=U102-2
Added Pin To Net: NetName=NetR107_1 Pin=U102-3
Added Net: Name=NetR107_1
Added Pin To Net: NetName=NetR108_2 Pin=R108-2
Added Pin To Net: NetName=NetR108_2 Pin=R109-2
Added Net: Name=NetR108_2
Added Pin To Net: NetName=NetR300_1 Pin=R300-1
Added Pin To Net: NetName=NetR300_1 Pin=U300-12
Added Net: Name=NetR300_1
Added Pin To Net: NetName=NetR300_2 Pin=R300-2
Added Pin To Net: NetName=NetR300_2 Pin=X200-70
Added Net: Name=NetR300_2
Added Pin To Net: NetName=NetR301_1 Pin=R301-1
Added Pin To Net: NetName=NetR301_1 Pin=U300-13
Added Net: Name=NetR301_1
Added Pin To Net: NetName=NetR301_2 Pin=R301-2
Added Pin To Net: NetName=NetR301_2 Pin=X200-72
Added Net: Name=NetR301_2
Added Pin To Net: NetName=NetR302_1 Pin=R302-1
Added Pin To Net: NetName=NetR302_1 Pin=T304-1
Added Pin To Net: NetName=NetR302_1 Pin=U300-38
Added Net: Name=NetR302_1
Added Pin To Net: NetName=NetR303_1 Pin=R303-1
Added Pin To Net: NetName=NetR303_1 Pin=U300-20
Added Net: Name=NetR303_1
Added Pin To Net: NetName=NetR304_2 Pin=R304-2
Added Pin To Net: NetName=NetR304_2 Pin=U300-44
Added Net: Name=NetR304_2
Added Pin To Net: NetName=NetR400_1 Pin=R400-1
Added Pin To Net: NetName=NetR400_1 Pin=X200-66
Added Net: Name=NetR400_1
Added Pin To Net: NetName=NetR401_1 Pin=R401-1
Added Pin To Net: NetName=NetR401_1 Pin=X200-64
Added Net: Name=NetR401_1
Added Pin To Net: NetName=NetR402_1 Pin=R402-1
Added Pin To Net: NetName=NetR402_1 Pin=X200-24
Added Net: Name=NetR402_1
Added Pin To Net: NetName=NetR403_1 Pin=R403-1
Added Pin To Net: NetName=NetR403_1 Pin=X200-22
Added Net: Name=NetR403_1
Added Pin To Net: NetName=NetR404_1 Pin=R404-1
Added Pin To Net: NetName=NetR404_1 Pin=X200-36
Added Net: Name=NetR404_1
Added Pin To Net: NetName=NetR405_1 Pin=R405-1
Added Pin To Net: NetName=NetR405_1 Pin=X200-34
Added Net: Name=NetR405_1
Added Pin To Net: NetName=NetR408_1 Pin=R408-1
Added Pin To Net: NetName=NetR408_1 Pin=X200-52
Added Net: Name=NetR408_1
Added Pin To Net: NetName=NetR409_1 Pin=R409-1
Added Pin To Net: NetName=NetR409_1 Pin=U300-41
Added Net: Name=NetR409_1
Added Pin To Net: NetName=NetR410_1 Pin=R410-1
Added Pin To Net: NetName=NetR410_1 Pin=X200-54
Added Net: Name=NetR410_1
Added Pin To Net: NetName=NetR411_1 Pin=R411-1
Added Pin To Net: NetName=NetR411_1 Pin=X200-21
Added Net: Name=NetR411_1
Added Pin To Net: NetName=NetR412_1 Pin=R412-1
Added Pin To Net: NetName=NetR412_1 Pin=X200-23
Added Net: Name=NetR412_1
Added Pin To Net: NetName=NetR413_1 Pin=R413-1
Added Pin To Net: NetName=NetR413_1 Pin=X200-58
Added Net: Name=NetR413_1
Added Pin To Net: NetName=NetR414_1 Pin=R414-1
Added Pin To Net: NetName=NetR414_1 Pin=U300-26
Added Net: Name=NetR414_1
Added Pin To Net: NetName=NetR415_1 Pin=R415-1
Added Pin To Net: NetName=NetR415_1 Pin=X200-60
Added Net: Name=NetR415_1
Added Pin To Net: NetName=NetR418_1 Pin=R418-1
Added Pin To Net: NetName=NetR418_1 Pin=X200-40
Added Net: Name=NetR418_1
Added Pin To Net: NetName=NetR419_1 Pin=R419-1
Added Pin To Net: NetName=NetR419_1 Pin=X200-42
Added Net: Name=NetR419_1
Added Pin To Net: NetName=NetR420_1 Pin=R420-1
Added Pin To Net: NetName=NetR420_1 Pin=X200-48
Added Net: Name=NetR420_1
Added Pin To Net: NetName=NetR421_1 Pin=R421-1
Added Pin To Net: NetName=NetR421_1 Pin=X200-46
Added Net: Name=NetR421_1
Added Pin To Net: NetName=NetR422_1 Pin=R422-1
Added Pin To Net: NetName=NetR422_1 Pin=X200-28
Added Net: Name=NetR422_1
Added Pin To Net: NetName=NetR423_1 Pin=R423-1
Added Pin To Net: NetName=NetR423_1 Pin=X200-30
Added Net: Name=NetR423_1
Added Pin To Net: NetName=NetR424_1 Pin=R424-1
Added Pin To Net: NetName=NetR424_1 Pin=X200-14
Added Net: Name=NetR424_1
Added Pin To Net: NetName=NetR425_1 Pin=R425-1
Added Pin To Net: NetName=NetR425_1 Pin=X200-12
Added Net: Name=NetR425_1
Added Pin To Net: NetName=NetR426_1 Pin=R426-1
Added Pin To Net: NetName=NetR426_1 Pin=X200-98
Added Net: Name=NetR426_1
Added Pin To Net: NetName=NetR427_1 Pin=R427-1
Added Pin To Net: NetName=NetR427_1 Pin=X200-96
Added Net: Name=NetR427_1
Added Pin To Net: NetName=NetR604_1 Pin=R604-1
Added Pin To Net: NetName=NetR604_1 Pin=U300-29
Added Net: Name=NetR604_1
Added Pin To Net: NetName=NetR606_2 Pin=R606-2
Added Pin To Net: NetName=NetR606_2 Pin=U300-15
Added Net: Name=NetR606_2
Added Pin To Net: NetName=NetR608_2 Pin=R608-2
Added Pin To Net: NetName=NetR608_2 Pin=U300-40
Added Net: Name=NetR608_2
Added Pin To Net: NetName=NetR700_1 Pin=R700-1
Added Pin To Net: NetName=NetR700_1 Pin=USB700-A5
Added Net: Name=NetR700_1
Added Pin To Net: NetName=NetR701_2 Pin=R701-2
Added Pin To Net: NetName=NetR701_2 Pin=X200-78
Added Net: Name=NetR701_2
Added Pin To Net: NetName=NetR702_2 Pin=R702-2
Added Pin To Net: NetName=NetR702_2 Pin=X200-76
Added Net: Name=NetR702_2
Added Pin To Net: NetName=NetR703_1 Pin=R703-1
Added Pin To Net: NetName=NetR703_1 Pin=USB700-B5
Added Net: Name=NetR703_1
Added Pin To Net: NetName=NetR802_2 Pin=R802-2
Added Pin To Net: NetName=NetR802_2 Pin=X200-83
Added Net: Name=NetR802_2
Added Pin To Net: NetName=NetR803_1 Pin=R803-1
Added Pin To Net: NetName=NetR803_1 Pin=X200-33
Added Net: Name=NetR803_1
Added Pin To Net: NetName=NetR804_2 Pin=R804-2
Added Pin To Net: NetName=NetR804_2 Pin=X200-81
Added Net: Name=NetR804_2
Added Pin To Net: NetName=NetR808_2 Pin=R808-2
Added Pin To Net: NetName=NetR808_2 Pin=X200-37
Added Net: Name=NetR808_2
Added Pin To Net: NetName=NetR809_2 Pin=R809-2
Added Pin To Net: NetName=NetR809_2 Pin=X200-35
Added Net: Name=NetR809_2
Added Pin To Net: NetName=NetR900_1 Pin=R900-1
Added Pin To Net: NetName=NetR900_1 Pin=X200-1
Added Net: Name=NetR900_1
Added Pin To Net: NetName=NetR901_1 Pin=R901-1
Added Pin To Net: NetName=NetR901_1 Pin=X200-3
Added Net: Name=NetR901_1
Added Pin To Net: NetName=NetR902_1 Pin=R902-1
Added Pin To Net: NetName=NetR902_1 Pin=X200-5
Added Net: Name=NetR902_1
Added Pin To Net: NetName=NetR903_1 Pin=R903-1
Added Pin To Net: NetName=NetR903_1 Pin=X200-7
Added Net: Name=NetR903_1
Added Pin To Net: NetName=NetR904_1 Pin=R904-1
Added Pin To Net: NetName=NetR904_1 Pin=X200-11
Added Net: Name=NetR904_1
Added Pin To Net: NetName=NetR905_1 Pin=R905-1
Added Pin To Net: NetName=NetR905_1 Pin=X200-13
Added Net: Name=NetR905_1
Added Pin To Net: NetName=NetR906_1 Pin=R906-1
Added Pin To Net: NetName=NetR906_1 Pin=X200-15
Added Net: Name=NetR906_1
Added Pin To Net: NetName=NetR907_1 Pin=R907-1
Added Pin To Net: NetName=NetR907_1 Pin=X200-17
Added Net: Name=NetR907_1
Added Pin To Net: NetName=NetR908_1 Pin=R908-1
Added Pin To Net: NetName=NetR908_1 Pin=U300-46
Added Net: Name=NetR908_1
Added Pin To Net: NetName=NetR909_1 Pin=R909-1
Added Pin To Net: NetName=NetR909_1 Pin=U300-45
Added Net: Name=NetR909_1
Added Pin To Net: NetName=NetR910_1 Pin=R910-1
Added Pin To Net: NetName=NetR910_1 Pin=U300-11
Added Net: Name=NetR910_1
Added Pin To Net: NetName=NetR911_1 Pin=R911-1
Added Pin To Net: NetName=NetR911_1 Pin=U300-10
Added Net: Name=NetR911_1
Added Pin To Net: NetName=NetR912_1 Pin=R912-1
Added Pin To Net: NetName=NetR912_1 Pin=U300-19
Added Net: Name=NetR912_1
Added Pin To Net: NetName=NetR913_1 Pin=R913-1
Added Pin To Net: NetName=NetR913_1 Pin=U300-18
Added Net: Name=NetR913_1
Added Pin To Net: NetName=NetR914_1 Pin=R914-1
Added Pin To Net: NetName=NetR914_1 Pin=U300-17
Added Net: Name=NetR914_1
Added Pin To Net: NetName=NetR915_1 Pin=R915-1
Added Pin To Net: NetName=NetR915_1 Pin=U300-16
Added Net: Name=NetR915_1
Added Pin To Net: NetName=NetT300_1 Pin=T300-1
Added Pin To Net: NetName=NetT300_1 Pin=U300-3
Added Net: Name=NetT300_1
Added Pin To Net: NetName=NetT301_1 Pin=T301-1
Added Pin To Net: NetName=NetT301_1 Pin=U300-32
Added Net: Name=NetT301_1
Added Pin To Net: NetName=NetT302_1 Pin=T302-1
Added Pin To Net: NetName=NetT302_1 Pin=U300-4
Added Net: Name=NetT302_1
Added Pin To Net: NetName=NetT305_1 Pin=T305-1
Added Pin To Net: NetName=NetT305_1 Pin=U300-25
Added Net: Name=NetT305_1
Added Pin To Net: NetName=NetU100_4 Pin=U100-4
Added Pin To Net: NetName=NetU100_4 Pin=U101-19
Added Net: Name=NetU100_4
Added Pin To Net: NetName=NetU500_1 Pin=U500-1
Added Pin To Net: NetName=NetU500_1 Pin=U501-1
Added Pin To Net: NetName=NetU500_1 Pin=X200-57
Added Pin To Net: NetName=NetU500_1 Pin=X200-63
Added Net: Name=NetU500_1
Added Pin To Net: NetName=NetU500_4 Pin=U500-4
Added Pin To Net: NetName=NetU500_4 Pin=U501-4
Added Pin To Net: NetName=NetU500_4 Pin=X200-59
Added Pin To Net: NetName=NetU500_4 Pin=X200-65
Added Net: Name=NetU500_4
Added Pin To Net: NetName=NetX200_2 Pin=X200-2
Added Pin To Net: NetName=NetX200_2 Pin=X200-6
Added Pin To Net: NetName=NetX200_2 Pin=X200-20
Added Pin To Net: NetName=NetX200_2 Pin=X200-26
Added Pin To Net: NetName=NetX200_2 Pin=X200-32
Added Pin To Net: NetName=NetX200_2 Pin=X200-38
Added Pin To Net: NetName=NetX200_2 Pin=X200-44
Added Pin To Net: NetName=NetX200_2 Pin=X200-50
Added Pin To Net: NetName=NetX200_2 Pin=X200-56
Added Pin To Net: NetName=NetX200_2 Pin=X200-62
Added Pin To Net: NetName=NetX200_2 Pin=X200-68
Added Pin To Net: NetName=NetX200_2 Pin=X200-74
Added Pin To Net: NetName=NetX200_2 Pin=X200-82
Added Pin To Net: NetName=NetX200_2 Pin=X200-88
Added Pin To Net: NetName=NetX200_2 Pin=X200-94
Added Pin To Net: NetName=NetX200_2 Pin=X200-100
Added Net: Name=NetX200_2
Added Pin To Net: NetName=NFC_GPIO Pin=D202-7
Added Net: Name=NFC_GPIO
Added Pin To Net: NetName=NIO_LED_AMBER Pin=LED301-2
Added Pin To Net: NetName=NIO_LED_AMBER Pin=U300-28
Added Net: Name=NIO_LED_AMBER
Added Pin To Net: NetName=NIO_LED_BLUE Pin=LED300-2
Added Pin To Net: NetName=NIO_LED_BLUE Pin=U300-27
Added Net: Name=NIO_LED_BLUE
Added Pin To Net: NetName=PH11 Pin=C1-1
Added Pin To Net: NetName=PH11 Pin=C2-2
Added Pin To Net: NetName=PH11 Pin=C4-1
Added Pin To Net: NetName=PH11 Pin=C5-1
Added Pin To Net: NetName=PH11 Pin=C6-1
Added Pin To Net: NetName=PH11 Pin=C7-1
Added Pin To Net: NetName=PH11 Pin=C9-1
Added Pin To Net: NetName=PH11 Pin=C11-1
Added Pin To Net: NetName=PH11 Pin=C12-1
Added Pin To Net: NetName=PH11 Pin=C13-1
Added Pin To Net: NetName=PH11 Pin=C14-2
Added Pin To Net: NetName=PH11 Pin=C15-1
Added Pin To Net: NetName=PH11 Pin=C16-1
Added Pin To Net: NetName=PH11 Pin=C18-1
Added Pin To Net: NetName=PH11 Pin=C19-1
Added Pin To Net: NetName=PH11 Pin=C20-1
Added Pin To Net: NetName=PH11 Pin=C100-1
Added Pin To Net: NetName=PH11 Pin=C101-1
Added Pin To Net: NetName=PH11 Pin=C102-1
Added Pin To Net: NetName=PH11 Pin=C103-1
Added Pin To Net: NetName=PH11 Pin=C104-1
Added Pin To Net: NetName=PH11 Pin=C105-1
Added Pin To Net: NetName=PH11 Pin=C106-2
Added Pin To Net: NetName=PH11 Pin=C111-1
Added Pin To Net: NetName=PH11 Pin=C112-1
Added Pin To Net: NetName=PH11 Pin=C113-1
Added Pin To Net: NetName=PH11 Pin=C114-1
Added Pin To Net: NetName=PH11 Pin=C115-1
Added Pin To Net: NetName=PH11 Pin=C116-1
Added Pin To Net: NetName=PH11 Pin=C117-1
Added Pin To Net: NetName=PH11 Pin=C118-1
Added Pin To Net: NetName=PH11 Pin=C118-2
Added Pin To Net: NetName=PH11 Pin=C119-1
Added Pin To Net: NetName=PH11 Pin=C119-2
Added Pin To Net: NetName=PH11 Pin=C120-1
Added Pin To Net: NetName=PH11 Pin=C120-2
Added Pin To Net: NetName=PH11 Pin=C121-1
Added Pin To Net: NetName=PH11 Pin=C121-2
Added Pin To Net: NetName=PH11 Pin=C122-1
Added Pin To Net: NetName=PH11 Pin=C123-1
Added Pin To Net: NetName=PH11 Pin=C124-1
Added Pin To Net: NetName=PH11 Pin=C125-1
Added Pin To Net: NetName=PH11 Pin=C126-2
Added Pin To Net: NetName=PH11 Pin=C128-1
Added Pin To Net: NetName=PH11 Pin=C129-1
Added Pin To Net: NetName=PH11 Pin=C130-1
Added Pin To Net: NetName=PH11 Pin=C130-2
Added Pin To Net: NetName=PH11 Pin=C131-1
Added Pin To Net: NetName=PH11 Pin=C131-2
Added Pin To Net: NetName=PH11 Pin=C132-1
Added Pin To Net: NetName=PH11 Pin=C132-2
Added Pin To Net: NetName=PH11 Pin=C133-1
Added Pin To Net: NetName=PH11 Pin=C133-2
Added Pin To Net: NetName=PH11 Pin=C134-1
Added Pin To Net: NetName=PH11 Pin=C135-1
Added Pin To Net: NetName=PH11 Pin=C136-1
Added Pin To Net: NetName=PH11 Pin=C137-1
Added Pin To Net: NetName=PH11 Pin=C138-2
Added Pin To Net: NetName=PH11 Pin=C140-1
Added Pin To Net: NetName=PH11 Pin=C141-1
Added Pin To Net: NetName=PH11 Pin=C300-1
Added Pin To Net: NetName=PH11 Pin=C301-1
Added Pin To Net: NetName=PH11 Pin=C302-1
Added Pin To Net: NetName=PH11 Pin=C303-1
Added Pin To Net: NetName=PH11 Pin=C304-1
Added Pin To Net: NetName=PH11 Pin=C305-1
Added Pin To Net: NetName=PH11 Pin=C306-1
Added Pin To Net: NetName=PH11 Pin=C307-1
Added Pin To Net: NetName=PH11 Pin=C400-3
Added Pin To Net: NetName=PH11 Pin=C400-4
Added Pin To Net: NetName=PH11 Pin=C401-1
Added Pin To Net: NetName=PH11 Pin=C402-3
Added Pin To Net: NetName=PH11 Pin=C402-4
Added Pin To Net: NetName=PH11 Pin=C403-1
Added Pin To Net: NetName=PH11 Pin=C404-3
Added Pin To Net: NetName=PH11 Pin=C404-4
Added Pin To Net: NetName=PH11 Pin=C405-1
Added Pin To Net: NetName=PH11 Pin=C406-3
Added Pin To Net: NetName=PH11 Pin=C406-4
Added Pin To Net: NetName=PH11 Pin=C407-3
Added Pin To Net: NetName=PH11 Pin=C407-4
Added Pin To Net: NetName=PH11 Pin=C408-1
Added Pin To Net: NetName=PH11 Pin=C409-1
Added Pin To Net: NetName=PH11 Pin=C410-3
Added Pin To Net: NetName=PH11 Pin=C410-4
Added Pin To Net: NetName=PH11 Pin=C411-1
Added Pin To Net: NetName=PH11 Pin=C412-3
Added Pin To Net: NetName=PH11 Pin=C412-4
Added Pin To Net: NetName=PH11 Pin=C413-1
Added Pin To Net: NetName=PH11 Pin=C500-3
Added Pin To Net: NetName=PH11 Pin=C500-4
Added Pin To Net: NetName=PH11 Pin=C501-2
Added Pin To Net: NetName=PH11 Pin=C502-2
Added Pin To Net: NetName=PH11 Pin=C503-3
Added Pin To Net: NetName=PH11 Pin=C503-4
Added Pin To Net: NetName=PH11 Pin=C504-2
Added Pin To Net: NetName=PH11 Pin=C505-2
Added Pin To Net: NetName=PH11 Pin=C600-2
Added Pin To Net: NetName=PH11 Pin=C601-2
Added Pin To Net: NetName=PH11 Pin=C602-2
Added Pin To Net: NetName=PH11 Pin=C603-3
Added Pin To Net: NetName=PH11 Pin=C603-4
Added Pin To Net: NetName=PH11 Pin=C604-1
Added Pin To Net: NetName=PH11 Pin=C605-2
Added Pin To Net: NetName=PH11 Pin=C700-2
Added Pin To Net: NetName=PH11 Pin=C701-2
Added Pin To Net: NetName=PH11 Pin=C702-2
Added Pin To Net: NetName=PH11 Pin=C703-1
Added Pin To Net: NetName=PH11 Pin=C704-1
Added Pin To Net: NetName=PH11 Pin=C705-1
Added Pin To Net: NetName=PH11 Pin=C706-1
Added Pin To Net: NetName=PH11 Pin=C707-1
Added Pin To Net: NetName=PH11 Pin=C708-1
Added Pin To Net: NetName=PH11 Pin=C709-1
Added Pin To Net: NetName=PH11 Pin=C800-3
Added Pin To Net: NetName=PH11 Pin=C800-4
Added Pin To Net: NetName=PH11 Pin=C801-1
Added Pin To Net: NetName=PH11 Pin=C802-1
Added Pin To Net: NetName=PH11 Pin=C803-1
Added Pin To Net: NetName=PH11 Pin=C804-1
Added Pin To Net: NetName=PH11 Pin=C805-1
Added Pin To Net: NetName=PH11 Pin=C806-1
Added Pin To Net: NetName=PH11 Pin=C807-1
Added Pin To Net: NetName=PH11 Pin=C808-1
Added Pin To Net: NetName=PH11 Pin=C809-1
Added Pin To Net: NetName=PH11 Pin=C810-1
Added Pin To Net: NetName=PH11 Pin=C811-1
Added Pin To Net: NetName=PH11 Pin=C812-1
Added Pin To Net: NetName=PH11 Pin=C813-1
Added Pin To Net: NetName=PH11 Pin=C814-1
Added Pin To Net: NetName=PH11 Pin=C815-1
Added Pin To Net: NetName=PH11 Pin=C816-1
Added Pin To Net: NetName=PH11 Pin=C1000-3
Added Pin To Net: NetName=PH11 Pin=C1000-4
Added Pin To Net: NetName=PH11 Pin=C1001-1
Added Pin To Net: NetName=PH11 Pin=C1002-1
Added Pin To Net: NetName=PH11 Pin=D1-1
Added Pin To Net: NetName=PH11 Pin=D2-1
Added Pin To Net: NetName=PH11 Pin=D200-3
Added Pin To Net: NetName=PH11 Pin=D200-8
Added Pin To Net: NetName=PH11 Pin=D202-3
Added Pin To Net: NetName=PH11 Pin=D202-8
Added Pin To Net: NetName=PH11 Pin=D202-9
Added Pin To Net: NetName=PH11 Pin=D300-3
Added Pin To Net: NetName=PH11 Pin=D300-8
Added Pin To Net: NetName=PH11 Pin=D301-3
Added Pin To Net: NetName=PH11 Pin=D301-8
Added Pin To Net: NetName=PH11 Pin=D400-1
Added Pin To Net: NetName=PH11 Pin=D401-3
Added Pin To Net: NetName=PH11 Pin=D401-8
Added Pin To Net: NetName=PH11 Pin=D402-1
Added Pin To Net: NetName=PH11 Pin=D403-3
Added Pin To Net: NetName=PH11 Pin=D403-8
Added Pin To Net: NetName=PH11 Pin=D404-1
Added Pin To Net: NetName=PH11 Pin=D405-3
Added Pin To Net: NetName=PH11 Pin=D405-8
Added Pin To Net: NetName=PH11 Pin=D406-3
Added Pin To Net: NetName=PH11 Pin=D406-8
Added Pin To Net: NetName=PH11 Pin=D407-1
Added Pin To Net: NetName=PH11 Pin=D408-3
Added Pin To Net: NetName=PH11 Pin=D408-8
Added Pin To Net: NetName=PH11 Pin=D409-1
Added Pin To Net: NetName=PH11 Pin=D410-3
Added Pin To Net: NetName=PH11 Pin=D410-8
Added Pin To Net: NetName=PH11 Pin=D411-1
Added Pin To Net: NetName=PH11 Pin=D412-3
Added Pin To Net: NetName=PH11 Pin=D412-8
Added Pin To Net: NetName=PH11 Pin=D413-2
Added Pin To Net: NetName=PH11 Pin=D500-1
Added Pin To Net: NetName=PH11 Pin=D501-1
Added Pin To Net: NetName=PH11 Pin=D600-1
Added Pin To Net: NetName=PH11 Pin=D601-1
Added Pin To Net: NetName=PH11 Pin=D602-2
Added Pin To Net: NetName=PH11 Pin=D700-3
Added Pin To Net: NetName=PH11 Pin=D700-8
Added Pin To Net: NetName=PH11 Pin=D900-3
Added Pin To Net: NetName=PH11 Pin=D900-8
Added Pin To Net: NetName=PH11 Pin=D901-3
Added Pin To Net: NetName=PH11 Pin=D901-8
Added Pin To Net: NetName=PH11 Pin=D902-3
Added Pin To Net: NetName=PH11 Pin=D902-8
Added Pin To Net: NetName=PH11 Pin=D903-3
Added Pin To Net: NetName=PH11 Pin=D903-8
Added Pin To Net: NetName=PH11 Pin=D1000-1
Added Pin To Net: NetName=PH11 Pin=D1001-1
Added Pin To Net: NetName=PH11 Pin=D1002-1
Added Pin To Net: NetName=PH11 Pin=F400-2
Added Pin To Net: NetName=PH11 Pin=H201-10
Added Pin To Net: NetName=PH11 Pin=H201-S1
Added Pin To Net: NetName=PH11 Pin=H201-S2
Added Pin To Net: NetName=PH11 Pin=H300-10
Added Pin To Net: NetName=PH11 Pin=H300-S1
Added Pin To Net: NetName=PH11 Pin=H300-S2
Added Pin To Net: NetName=PH11 Pin=H400-6
Added Pin To Net: NetName=PH11 Pin=H400-S1
Added Pin To Net: NetName=PH11 Pin=H400-S2
Added Pin To Net: NetName=PH11 Pin=H401-10
Added Pin To Net: NetName=PH11 Pin=H401-S1
Added Pin To Net: NetName=PH11 Pin=H401-S2
Added Pin To Net: NetName=PH11 Pin=H402-6
Added Pin To Net: NetName=PH11 Pin=H402-S1
Added Pin To Net: NetName=PH11 Pin=H402-S2
Added Pin To Net: NetName=PH11 Pin=H403-6
Added Pin To Net: NetName=PH11 Pin=H403-S1
Added Pin To Net: NetName=PH11 Pin=H403-S2
Added Pin To Net: NetName=PH11 Pin=H404-6
Added Pin To Net: NetName=PH11 Pin=H404-S1
Added Pin To Net: NetName=PH11 Pin=H404-S2
Added Pin To Net: NetName=PH11 Pin=H405-7
Added Pin To Net: NetName=PH11 Pin=H405-S1
Added Pin To Net: NetName=PH11 Pin=H405-S2
Added Pin To Net: NetName=PH11 Pin=H500-4
Added Pin To Net: NetName=PH11 Pin=H500-S1
Added Pin To Net: NetName=PH11 Pin=H500-S2
Added Pin To Net: NetName=PH11 Pin=H501-4
Added Pin To Net: NetName=PH11 Pin=H501-S1
Added Pin To Net: NetName=PH11 Pin=H501-S2
Added Pin To Net: NetName=PH11 Pin=H600-1
Added Pin To Net: NetName=PH11 Pin=H601-1
Added Pin To Net: NetName=PH11 Pin=H700-4
Added Pin To Net: NetName=PH11 Pin=H700-S1
Added Pin To Net: NetName=PH11 Pin=H700-S2
Added Pin To Net: NetName=PH11 Pin=H900-1
Added Pin To Net: NetName=PH11 Pin=H901-1
Added Pin To Net: NetName=PH11 Pin=H902-1
Added Pin To Net: NetName=PH11 Pin=H903-1
Added Pin To Net: NetName=PH11 Pin=H904-1
Added Pin To Net: NetName=PH11 Pin=H905-1
Added Pin To Net: NetName=PH11 Pin=H906-1
Added Pin To Net: NetName=PH11 Pin=H907-1
Added Pin To Net: NetName=PH11 Pin=H908-1
Added Pin To Net: NetName=PH11 Pin=H909-1
Added Pin To Net: NetName=PH11 Pin=H910-1
Added Pin To Net: NetName=PH11 Pin=H911-1
Added Pin To Net: NetName=PH11 Pin=H912-1
Added Pin To Net: NetName=PH11 Pin=H913-1
Added Pin To Net: NetName=PH11 Pin=H914-1
Added Pin To Net: NetName=PH11 Pin=H915-1
Added Pin To Net: NetName=PH11 Pin=H1000-4
Added Pin To Net: NetName=PH11 Pin=H1000-S1
Added Pin To Net: NetName=PH11 Pin=H1000-S2
Added Pin To Net: NetName=PH11 Pin=IC1-3
Added Pin To Net: NetName=PH11 Pin=IC1-7
Added Pin To Net: NetName=PH11 Pin=IC2-10
Added Pin To Net: NetName=PH11 Pin=IC2-13
Added Pin To Net: NetName=PH11 Pin=IC2-14
Added Pin To Net: NetName=PH11 Pin=IC2-21
Added Pin To Net: NetName=PH11 Pin=IC3-2
Added Pin To Net: NetName=PH11 Pin=IC100-13
Added Pin To Net: NetName=PH11 Pin=IC100-14
Added Pin To Net: NetName=PH11 Pin=IC100-15
Added Pin To Net: NetName=PH11 Pin=IC100-17
Added Pin To Net: NetName=PH11 Pin=IC100-24
Added Pin To Net: NetName=PH11 Pin=IC100-25
Added Pin To Net: NetName=PH11 Pin=IC100-26
Added Pin To Net: NetName=PH11 Pin=IC101-13
Added Pin To Net: NetName=PH11 Pin=IC101-14
Added Pin To Net: NetName=PH11 Pin=IC101-15
Added Pin To Net: NetName=PH11 Pin=IC101-17
Added Pin To Net: NetName=PH11 Pin=IC101-24
Added Pin To Net: NetName=PH11 Pin=IC101-25
Added Pin To Net: NetName=PH11 Pin=IC101-26
Added Pin To Net: NetName=PH11 Pin=IC600-3
Added Pin To Net: NetName=PH11 Pin=IC601-3
Added Pin To Net: NetName=PH11 Pin=IC602-3
Added Pin To Net: NetName=PH11 Pin=IC603-1
Added Pin To Net: NetName=PH11 Pin=IC603-4
Added Pin To Net: NetName=PH11 Pin=IC800-2
Added Pin To Net: NetName=PH11 Pin=IC800-9
Added Pin To Net: NetName=PH11 Pin=IC801-2
Added Pin To Net: NetName=PH11 Pin=IC801-6
Added Pin To Net: NetName=PH11 Pin=IC801-9
Added Pin To Net: NetName=PH11 Pin=IC802-2
Added Pin To Net: NetName=PH11 Pin=IC802-6
Added Pin To Net: NetName=PH11 Pin=IC802-9
Added Pin To Net: NetName=PH11 Pin=IC1000-2
Added Pin To Net: NetName=PH11 Pin=IC1000-3
Added Pin To Net: NetName=PH11 Pin=IC1000-4
Added Pin To Net: NetName=PH11 Pin=IC1000-7
Added Pin To Net: NetName=PH11 Pin=IC1000-9
Added Pin To Net: NetName=PH11 Pin=L101-2
Added Pin To Net: NetName=PH11 Pin=L102-2
Added Pin To Net: NetName=PH11 Pin=LED302-2
Added Pin To Net: NetName=PH11 Pin=P2-1
Added Pin To Net: NetName=PH11 Pin=R11-1
Added Pin To Net: NetName=PH11 Pin=R12-1
Added Pin To Net: NetName=PH11 Pin=R15-1
Added Pin To Net: NetName=PH11 Pin=R103-2
Added Pin To Net: NetName=PH11 Pin=R105-1
Added Pin To Net: NetName=PH11 Pin=R106-1
Added Pin To Net: NetName=PH11 Pin=R111-2
Added Pin To Net: NetName=PH11 Pin=R112-1
Added Pin To Net: NetName=PH11 Pin=R113-2
Added Pin To Net: NetName=PH11 Pin=R114-2
Added Pin To Net: NetName=PH11 Pin=R115-1
Added Pin To Net: NetName=PH11 Pin=R116-2
Added Pin To Net: NetName=PH11 Pin=R303-2
Added Pin To Net: NetName=PH11 Pin=R304-1
Added Pin To Net: NetName=PH11 Pin=R306-1
Added Pin To Net: NetName=PH11 Pin=R416-1
Added Pin To Net: NetName=PH11 Pin=R417-1
Added Pin To Net: NetName=PH11 Pin=R600-1
Added Pin To Net: NetName=PH11 Pin=R603-1
Added Pin To Net: NetName=PH11 Pin=R609-1
Added Pin To Net: NetName=PH11 Pin=R700-2
Added Pin To Net: NetName=PH11 Pin=R703-2
Added Pin To Net: NetName=PH11 Pin=R711-1
Added Pin To Net: NetName=PH11 Pin=R712-1
Added Pin To Net: NetName=PH11 Pin=R713-1
Added Pin To Net: NetName=PH11 Pin=R805-1
Added Pin To Net: NetName=PH11 Pin=R806-1
Added Pin To Net: NetName=PH11 Pin=R810-1
Added Pin To Net: NetName=PH11 Pin=T303-2
Added Pin To Net: NetName=PH11 Pin=T303-4
Added Pin To Net: NetName=PH11 Pin=U101-14
Added Pin To Net: NetName=PH11 Pin=U101-21
Added Pin To Net: NetName=PH11 Pin=U300-8
Added Pin To Net: NetName=PH11 Pin=U300-23
Added Pin To Net: NetName=PH11 Pin=U300-35
Added Pin To Net: NetName=PH11 Pin=U300-47
Added Pin To Net: NetName=PH11 Pin=U500-2
Added Pin To Net: NetName=PH11 Pin=U500-8
Added Pin To Net: NetName=PH11 Pin=U500-9
Added Pin To Net: NetName=PH11 Pin=U501-2
Added Pin To Net: NetName=PH11 Pin=U501-8
Added Pin To Net: NetName=PH11 Pin=U501-9
Added Pin To Net: NetName=PH11 Pin=USB700-A1_B12
Added Pin To Net: NetName=PH11 Pin=USB700-A12_B1
Added Pin To Net: NetName=PH11 Pin=USB700-SH1
Added Pin To Net: NetName=PH11 Pin=USB700-SH2
Added Pin To Net: NetName=PH11 Pin=USB700-SH3
Added Pin To Net: NetName=PH11 Pin=USB700-SH4
Added Pin To Net: NetName=PH11 Pin=X200-9
Added Pin To Net: NetName=PH11 Pin=X200-19
Added Pin To Net: NetName=PH11 Pin=X200-31
Added Pin To Net: NetName=PH11 Pin=X200-41
Added Pin To Net: NetName=PH11 Pin=X200-43
Added Pin To Net: NetName=PH11 Pin=X200-45
Added Pin To Net: NetName=PH11 Pin=X200-47
Added Pin To Net: NetName=PH11 Pin=X200-61
Added Pin To Net: NetName=PH11 Pin=X200-67
Added Pin To Net: NetName=PH11 Pin=X200-73
Added Pin To Net: NetName=PH11 Pin=X200-79
Added Pin To Net: NetName=PH11 Pin=X200-95
Added Pin To Net: NetName=PH11 Pin=X200-99
Added Net: Name=PH11
Added Pin To Net: NetName=SPI6_SCK_EXTERNAL1 Pin=D202-6
Added Net: Name=SPI6_SCK_EXTERNAL1
Added Pin To Net: NetName=USART3_RX_DEBUG Pin=D201-1
Added Pin To Net: NetName=USART3_RX_DEBUG Pin=X200-71
Added Net: Name=USART3_RX_DEBUG
Added Pin To Net: NetName=USART3_TX_DEBUG Pin=D200-6
Added Pin To Net: NetName=USART3_TX_DEBUG Pin=X200-69
Added Net: Name=USART3_TX_DEBUG
Added Pin To Net: NetName=V_RTC_BAT Pin=U300-1
Added Pin To Net: NetName=V_RTC_BAT Pin=X200-29
Added Net: Name=V_RTC_BAT
Added Pin To Net: NetName=VBUS Pin=C703-2
Added Pin To Net: NetName=VBUS Pin=D700-5
Added Pin To Net: NetName=VBUS Pin=D700-6
Added Pin To Net: NetName=VBUS Pin=F701-7
Added Pin To Net: NetName=VBUS Pin=F701-8
Added Pin To Net: NetName=VBUS Pin=H700-1
Added Pin To Net: NetName=VBUS Pin=IC600-2
Added Pin To Net: NetName=VBUS Pin=IC700-19
Added Pin To Net: NetName=VBUS Pin=R600-2
Added Pin To Net: NetName=VBUS Pin=R706-2
Added Pin To Net: NetName=VBUS Pin=USB700-A4_B9
Added Pin To Net: NetName=VBUS Pin=USB700-A9_B4
Added Net: Name=VBUS
Added Pin To Net: NetName=VDD5V_BRICK1 Pin=C11-2
Added Pin To Net: NetName=VDD5V_BRICK1 Pin=C12-2
Added Pin To Net: NetName=VDD5V_BRICK1 Pin=C13-2
Added Pin To Net: NetName=VDD5V_BRICK1 Pin=C15-2
Added Pin To Net: NetName=VDD5V_BRICK1 Pin=C18-2
Added Pin To Net: NetName=VDD5V_BRICK1 Pin=IC2-12
Added Pin To Net: NetName=VDD5V_BRICK1 Pin=IC3-1
Added Pin To Net: NetName=VDD5V_BRICK1 Pin=IC3-3
Added Pin To Net: NetName=VDD5V_BRICK1 Pin=L1-2
Added Pin To Net: NetName=VDD5V_BRICK1 Pin=R13-2
Added Net: Name=VDD5V_BRICK1
Added Pin To Net: NetName=VDD_3V3_SPEKTRUM Pin=C806-2
Added Pin To Net: NetName=VDD_3V3_SPEKTRUM Pin=C807-2
Added Pin To Net: NetName=VDD_3V3_SPEKTRUM Pin=IC800-8
Added Net: Name=VDD_3V3_SPEKTRUM
Added Pin To Net: NetName=VDD_5V-IN Pin=R601-1
Added Net: Name=VDD_5V-IN
Added Pin To Net: NetName=VDD_5V_BRICK1 Pin=C700-1
Added Pin To Net: NetName=VDD_5V_BRICK1 Pin=C701-1
Added Pin To Net: NetName=VDD_5V_BRICK1 Pin=F700-7
Added Pin To Net: NetName=VDD_5V_BRICK1 Pin=F700-8
Added Pin To Net: NetName=VDD_5V_BRICK1 Pin=IC700-21
Added Pin To Net: NetName=VDD_5V_BRICK1 Pin=R704-2
Added Net: Name=VDD_5V_BRICK1
Added Pin To Net: NetName=VDD_5V_HIPOWER Pin=C400-1
Added Pin To Net: NetName=VDD_5V_HIPOWER Pin=C401-2
Added Pin To Net: NetName=VDD_5V_HIPOWER Pin=C410-1
Added Pin To Net: NetName=VDD_5V_HIPOWER Pin=C411-2
Added Pin To Net: NetName=VDD_5V_HIPOWER Pin=C811-2
Added Pin To Net: NetName=VDD_5V_HIPOWER Pin=C812-2
Added Pin To Net: NetName=VDD_5V_HIPOWER Pin=IC801-8
Added Net: Name=VDD_5V_HIPOWER
Added Pin To Net: NetName=VDD_5V_IN Pin=C705-2
Added Pin To Net: NetName=VDD_5V_IN Pin=C706-2
Added Pin To Net: NetName=VDD_5V_IN Pin=C800-1
Added Pin To Net: NetName=VDD_5V_IN Pin=C801-2
Added Pin To Net: NetName=VDD_5V_IN Pin=C802-2
Added Pin To Net: NetName=VDD_5V_IN Pin=C813-2
Added Pin To Net: NetName=VDD_5V_IN Pin=F700-5
Added Pin To Net: NetName=VDD_5V_IN Pin=F700-6
Added Pin To Net: NetName=VDD_5V_IN Pin=F701-5
Added Pin To Net: NetName=VDD_5V_IN Pin=F701-6
Added Pin To Net: NetName=VDD_5V_IN Pin=FUSE800-1
Added Pin To Net: NetName=VDD_5V_IN Pin=IC700-12
Added Pin To Net: NetName=VDD_5V_IN Pin=IC801-1
Added Pin To Net: NetName=VDD_5V_IN Pin=IC802-1
Added Pin To Net: NetName=VDD_5V_IN Pin=LED300-1
Added Pin To Net: NetName=VDD_5V_IN Pin=LED301-1
Added Pin To Net: NetName=VDD_5V_IN Pin=LED302-1
Added Pin To Net: NetName=VDD_5V_IN Pin=X200-49
Added Pin To Net: NetName=VDD_5V_IN Pin=X200-51
Added Pin To Net: NetName=VDD_5V_IN Pin=X200-53
Added Pin To Net: NetName=VDD_5V_IN Pin=X200-55
Added Net: Name=VDD_5V_IN
Added Pin To Net: NetName=VDD_5V_PERIPH Pin=C402-1
Added Pin To Net: NetName=VDD_5V_PERIPH Pin=C403-2
Added Pin To Net: NetName=VDD_5V_PERIPH Pin=C404-1
Added Pin To Net: NetName=VDD_5V_PERIPH Pin=C405-2
Added Pin To Net: NetName=VDD_5V_PERIPH Pin=C407-1
Added Pin To Net: NetName=VDD_5V_PERIPH Pin=C409-2
Added Pin To Net: NetName=VDD_5V_PERIPH Pin=C412-1
Added Pin To Net: NetName=VDD_5V_PERIPH Pin=C413-2
Added Pin To Net: NetName=VDD_5V_PERIPH Pin=C500-1
Added Pin To Net: NetName=VDD_5V_PERIPH Pin=C501-1
Added Pin To Net: NetName=VDD_5V_PERIPH Pin=C503-1
Added Pin To Net: NetName=VDD_5V_PERIPH Pin=C815-2
Added Pin To Net: NetName=VDD_5V_PERIPH Pin=C816-2
Added Pin To Net: NetName=VDD_5V_PERIPH Pin=C1000-1
Added Pin To Net: NetName=VDD_5V_PERIPH Pin=C1001-2
Added Pin To Net: NetName=VDD_5V_PERIPH Pin=IC802-8
Added Pin To Net: NetName=VDD_5V_PERIPH Pin=U500-3
Added Net: Name=VDD_5V_PERIPH
Added Pin To Net: NetName=VDD_5V_PPM_SBUS_RC Pin=C603-1
Added Pin To Net: NetName=VDD_5V_PPM_SBUS_RC Pin=C604-2
Added Pin To Net: NetName=VDD_5V_PPM_SBUS_RC Pin=C814-2
Added Pin To Net: NetName=VDD_5V_PPM_SBUS_RC Pin=D800-1
Added Net: Name=VDD_5V_PPM_SBUS_RC
Added Pin To Net: NetName=VDD_SERVO Pin=C111-2
Added Pin To Net: NetName=VDD_SERVO Pin=C112-2
Added Pin To Net: NetName=VDD_SERVO Pin=C113-2
Added Pin To Net: NetName=VDD_SERVO Pin=C114-2
Added Pin To Net: NetName=VDD_SERVO Pin=C115-2
Added Pin To Net: NetName=VDD_SERVO Pin=H601-2
Added Pin To Net: NetName=VDD_SERVO Pin=H900-2
Added Pin To Net: NetName=VDD_SERVO Pin=H901-2
Added Pin To Net: NetName=VDD_SERVO Pin=H902-2
Added Pin To Net: NetName=VDD_SERVO Pin=H903-2
Added Pin To Net: NetName=VDD_SERVO Pin=H904-2
Added Pin To Net: NetName=VDD_SERVO Pin=H905-2
Added Pin To Net: NetName=VDD_SERVO Pin=H906-2
Added Pin To Net: NetName=VDD_SERVO Pin=H907-2
Added Pin To Net: NetName=VDD_SERVO Pin=H908-2
Added Pin To Net: NetName=VDD_SERVO Pin=H909-2
Added Pin To Net: NetName=VDD_SERVO Pin=H910-2
Added Pin To Net: NetName=VDD_SERVO Pin=H911-2
Added Pin To Net: NetName=VDD_SERVO Pin=H912-2
Added Pin To Net: NetName=VDD_SERVO Pin=H913-2
Added Pin To Net: NetName=VDD_SERVO Pin=H914-2
Added Pin To Net: NetName=VDD_SERVO Pin=H915-2
Added Pin To Net: NetName=VDD_SERVO Pin=L100-2
Added Pin To Net: NetName=VDD_SERVO Pin=R305-1
Added Net: Name=VDD_SERVO
Added Class: Name=U_Current_Me
Added Class: Name=U_Main_1
Added Class: Name=U_Main_2
Added Class: Name=U_Main_3
Added Class: Name=U_Main_4
Added Class: Name=U_Main_5
Added Class: Name=U_Main_6
Added Class: Name=U_Main_7
Added Class: Name=U_Main_8
Added Class: Name=U_Main_9
Added Class: Name=U_Power 12V_5V
Added Room: Name=U_Current_Me
Added Room: Name=U_Main_1
Added Room: Name=U_Main_2
Added Room: Name=U_Main_3
Added Room: Name=U_Main_4
Added Room: Name=U_Main_5
Added Room: Name=U_Main_6
Added Room: Name=U_Main_7
Added Room: Name=U_Main_8
Added Room: Name=U_Main_9
Added Room: Name=U_Power 12V_5V
